CRITICAL - 2023-09-23 04:01:48 --> Unclosed '{' on line 8
in APPPATH/Controllers/MusicController.php on line 39.
 1 SYSTEMPATH/Autoloader/Autoloader.php(285): CodeIgniter\Autoloader\Autoloader->includeFile()
 2 SYSTEMPATH/Autoloader/Autoloader.php(263): CodeIgniter\Autoloader\Autoloader->loadInNamespace()
 3 [internal function]: CodeIgniter\Autoloader\Autoloader->loadClass()
 4 SYSTEMPATH/CodeIgniter.php(877): class_exists()
 5 SYSTEMPATH/CodeIgniter.php(481): CodeIgniter\CodeIgniter->startController()
 6 SYSTEMPATH/CodeIgniter.php(353): CodeIgniter\CodeIgniter->handleRequest()
 7 FCPATH/index.php(79): CodeIgniter\CodeIgniter->run()
 8 SYSTEMPATH/Commands/Server/rewrite.php(47): require_once('/var/www/html/ITC-311-ACTIVITY-2/public/index.php')
CRITICAL - 2023-09-23 04:02:02 --> Unclosed '{' on line 24
in APPPATH/Controllers/MusicController.php on line 39.
 1 SYSTEMPATH/Autoloader/Autoloader.php(285): CodeIgniter\Autoloader\Autoloader->includeFile()
 2 SYSTEMPATH/Autoloader/Autoloader.php(263): CodeIgniter\Autoloader\Autoloader->loadInNamespace()
 3 [internal function]: CodeIgniter\Autoloader\Autoloader->loadClass()
 4 SYSTEMPATH/CodeIgniter.php(877): class_exists()
 5 SYSTEMPATH/CodeIgniter.php(481): CodeIgniter\CodeIgniter->startController()
 6 SYSTEMPATH/CodeIgniter.php(353): CodeIgniter\CodeIgniter->handleRequest()
 7 FCPATH/index.php(79): CodeIgniter\CodeIgniter->run()
 8 SYSTEMPATH/Commands/Server/rewrite.php(47): require_once('/var/www/html/ITC-311-ACTIVITY-2/public/index.php')
CRITICAL - 2023-09-23 13:53:11 --> Call to undefined function form_open_multipart()
in APPPATH/Views/Musicz/body.php on line 105.
 1 SYSTEMPATH/View/View.php(226): include()
 2 SYSTEMPATH/View/View.php(229): CodeIgniter\View\View->CodeIgniter\View\{closure}()
 3 SYSTEMPATH/View/View.php(467): CodeIgniter\View\View->render()
 4 APPPATH/Views/welcome_message.php(2): CodeIgniter\View\View->include()
 5 SYSTEMPATH/View/View.php(226): include('/var/www/html/ITC-311-ACTIVITY-2/app/Views/welcome_message.php')
 6 SYSTEMPATH/View/View.php(229): CodeIgniter\View\View->CodeIgniter\View\{closure}()
 7 SYSTEMPATH/Common.php(1188): CodeIgniter\View\View->render()
 8 APPPATH/Controllers/MusicController.php(17): view()
 9 SYSTEMPATH/CodeIgniter.php(919): App\Controllers\MusicController->music()
10 SYSTEMPATH/CodeIgniter.php(494): CodeIgniter\CodeIgniter->runController()
11 SYSTEMPATH/CodeIgniter.php(353): CodeIgniter\CodeIgniter->handleRequest()
12 FCPATH/index.php(79): CodeIgniter\CodeIgniter->run()
13 SYSTEMPATH/Commands/Server/rewrite.php(47): require_once('/var/www/html/ITC-311-ACTIVITY-2/public/index.php')
CRITICAL - 2023-09-23 14:38:22 --> syntax error, unexpected variable "$this", expecting "]"
in APPPATH/Controllers/MusicController.php on line 26.
 1 SYSTEMPATH/Autoloader/Autoloader.php(285): CodeIgniter\Autoloader\Autoloader->includeFile()
 2 SYSTEMPATH/Autoloader/Autoloader.php(263): CodeIgniter\Autoloader\Autoloader->loadInNamespace()
 3 [internal function]: CodeIgniter\Autoloader\Autoloader->loadClass()
 4 SYSTEMPATH/CodeIgniter.php(877): class_exists()
 5 SYSTEMPATH/CodeIgniter.php(481): CodeIgniter\CodeIgniter->startController()
 6 SYSTEMPATH/CodeIgniter.php(353): CodeIgniter\CodeIgniter->handleRequest()
 7 FCPATH/index.php(79): CodeIgniter\CodeIgniter->run()
 8 SYSTEMPATH/Commands/Server/rewrite.php(47): require_once('/var/www/html/ITC-311-ACTIVITY-2/public/index.php')
CRITICAL - 2023-09-23 14:38:42 --> syntax error, unexpected token ";", expecting "]"
in APPPATH/Controllers/MusicController.php on line 26.
 1 SYSTEMPATH/Autoloader/Autoloader.php(285): CodeIgniter\Autoloader\Autoloader->includeFile()
 2 SYSTEMPATH/Autoloader/Autoloader.php(263): CodeIgniter\Autoloader\Autoloader->loadInNamespace()
 3 [internal function]: CodeIgniter\Autoloader\Autoloader->loadClass()
 4 SYSTEMPATH/CodeIgniter.php(877): class_exists()
 5 SYSTEMPATH/CodeIgniter.php(481): CodeIgniter\CodeIgniter->startController()
 6 SYSTEMPATH/CodeIgniter.php(353): CodeIgniter\CodeIgniter->handleRequest()
 7 FCPATH/index.php(79): CodeIgniter\CodeIgniter->run()
 8 SYSTEMPATH/Commands/Server/rewrite.php(47): require_once('/var/www/html/ITC-311-ACTIVITY-2/public/index.php')
CRITICAL - 2023-09-23 14:47:20 --> Undefined property: App\Controllers\MusicController::$activity
in APPPATH/Controllers/MusicController.php on line 26.
 1 APPPATH/Controllers/MusicController.php(26): CodeIgniter\Debug\Exceptions->errorHandler()
 2 SYSTEMPATH/CodeIgniter.php(919): App\Controllers\MusicController->insert()
 3 SYSTEMPATH/CodeIgniter.php(494): CodeIgniter\CodeIgniter->runController()
 4 SYSTEMPATH/CodeIgniter.php(353): CodeIgniter\CodeIgniter->handleRequest()
 5 FCPATH/index.php(79): CodeIgniter\CodeIgniter->run()
 6 SYSTEMPATH/Commands/Server/rewrite.php(47): require_once('/var/www/html/ITC-311-ACTIVITY-2/public/index.php')
CRITICAL - 2023-09-23 14:47:48 --> Undefined property: App\Controllers\MusicController::$activity
in APPPATH/Controllers/MusicController.php on line 26.
 1 APPPATH/Controllers/MusicController.php(26): CodeIgniter\Debug\Exceptions->errorHandler()
 2 SYSTEMPATH/CodeIgniter.php(919): App\Controllers\MusicController->insert()
 3 SYSTEMPATH/CodeIgniter.php(494): CodeIgniter\CodeIgniter->runController()
 4 SYSTEMPATH/CodeIgniter.php(353): CodeIgniter\CodeIgniter->handleRequest()
 5 FCPATH/index.php(79): CodeIgniter\CodeIgniter->run()
 6 SYSTEMPATH/Commands/Server/rewrite.php(47): require_once('/var/www/html/ITC-311-ACTIVITY-2/public/index.php')
CRITICAL - 2023-09-23 15:00:53 --> Undefined property: App\Controllers\MusicController::$activity
in APPPATH/Controllers/MusicController.php on line 28.
 1 APPPATH/Controllers/MusicController.php(28): CodeIgniter\Debug\Exceptions->errorHandler()
 2 SYSTEMPATH/CodeIgniter.php(919): App\Controllers\MusicController->insert()
 3 SYSTEMPATH/CodeIgniter.php(494): CodeIgniter\CodeIgniter->runController()
 4 SYSTEMPATH/CodeIgniter.php(353): CodeIgniter\CodeIgniter->handleRequest()
 5 FCPATH/index.php(79): CodeIgniter\CodeIgniter->run()
 6 SYSTEMPATH/Commands/Server/rewrite.php(47): require_once('/var/www/html/ITC-311-ACTIVITY-2/public/index.php')
CRITICAL - 2023-09-23 15:07:11 --> Undefined constant "App\Models\title"
in APPPATH/Controllers/MusicController.php on line 16.
 1 SYSTEMPATH/CodeIgniter.php(891): App\Controllers\MusicController->__construct()
 2 SYSTEMPATH/CodeIgniter.php(485): CodeIgniter\CodeIgniter->createController()
 3 SYSTEMPATH/CodeIgniter.php(353): CodeIgniter\CodeIgniter->handleRequest()
 4 FCPATH/index.php(79): CodeIgniter\CodeIgniter->run()
 5 SYSTEMPATH/Commands/Server/rewrite.php(47): require_once('/var/www/html/ITC-311-ACTIVITY-2/public/index.php')
CRITICAL - 2023-09-23 15:07:22 --> Undefined constant "App\Models\title"
in APPPATH/Controllers/MusicController.php on line 16.
 1 SYSTEMPATH/CodeIgniter.php(891): App\Controllers\MusicController->__construct()
 2 SYSTEMPATH/CodeIgniter.php(485): CodeIgniter\CodeIgniter->createController()
 3 SYSTEMPATH/CodeIgniter.php(353): CodeIgniter\CodeIgniter->handleRequest()
 4 FCPATH/index.php(79): CodeIgniter\CodeIgniter->run()
 5 SYSTEMPATH/Commands/Server/rewrite.php(47): require_once('/var/www/html/ITC-311-ACTIVITY-2/public/index.php')
CRITICAL - 2023-09-23 15:11:10 --> Undefined constant "App\Models\title"
in APPPATH/Controllers/MusicController.php on line 16.
 1 SYSTEMPATH/CodeIgniter.php(891): App\Controllers\MusicController->__construct()
 2 SYSTEMPATH/CodeIgniter.php(485): CodeIgniter\CodeIgniter->createController()
 3 SYSTEMPATH/CodeIgniter.php(353): CodeIgniter\CodeIgniter->handleRequest()
 4 FCPATH/index.php(79): CodeIgniter\CodeIgniter->run()
 5 SYSTEMPATH/Commands/Server/rewrite.php(47): require_once('/var/www/html/ITC-311-ACTIVITY-2/public/index.php')
CRITICAL - 2023-09-23 15:14:55 --> Cannot redeclare App\Controllers\MusicController::music()
in APPPATH/Controllers/MusicController.php on line 25.
 1 [internal function]: CodeIgniter\Debug\Exceptions->shutdownHandler()
CRITICAL - 2023-09-23 15:15:00 --> Cannot redeclare App\Controllers\MusicController::music()
in APPPATH/Controllers/MusicController.php on line 25.
 1 [internal function]: CodeIgniter\Debug\Exceptions->shutdownHandler()
CRITICAL - 2023-09-23 15:15:02 --> Cannot redeclare App\Controllers\MusicController::music()
in APPPATH/Controllers/MusicController.php on line 25.
 1 [internal function]: CodeIgniter\Debug\Exceptions->shutdownHandler()
