CRITICAL - 2023-09-24 01:03:59 --> Undefined constant "App\Models\title"
in APPPATH/Controllers/MusicController.php on line 16.
 1 SYSTEMPATH/CodeIgniter.php(891): App\Controllers\MusicController->__construct()
 2 SYSTEMPATH/CodeIgniter.php(485): CodeIgniter\CodeIgniter->createController()
 3 SYSTEMPATH/CodeIgniter.php(353): CodeIgniter\CodeIgniter->handleRequest()
 4 FCPATH/index.php(79): CodeIgniter\CodeIgniter->run()
 5 SYSTEMPATH/Commands/Server/rewrite.php(47): require_once('/var/www/html/ITC-311-ACTIVITY-2/public/index.php')
CRITICAL - 2023-09-24 01:06:17 --> Undefined constant "App\Models\title"
in APPPATH/Controllers/MusicController.php on line 16.
 1 SYSTEMPATH/CodeIgniter.php(891): App\Controllers\MusicController->__construct()
 2 SYSTEMPATH/CodeIgniter.php(485): CodeIgniter\CodeIgniter->createController()
 3 SYSTEMPATH/CodeIgniter.php(353): CodeIgniter\CodeIgniter->handleRequest()
 4 FCPATH/index.php(79): CodeIgniter\CodeIgniter->run()
 5 SYSTEMPATH/Commands/Server/rewrite.php(47): require_once('/var/www/html/ITC-311-ACTIVITY-2/public/index.php')
CRITICAL - 2023-09-24 01:06:18 --> Undefined constant "App\Models\title"
in APPPATH/Controllers/MusicController.php on line 16.
 1 SYSTEMPATH/CodeIgniter.php(891): App\Controllers\MusicController->__construct()
 2 SYSTEMPATH/CodeIgniter.php(485): CodeIgniter\CodeIgniter->createController()
 3 SYSTEMPATH/CodeIgniter.php(353): CodeIgniter\CodeIgniter->handleRequest()
 4 FCPATH/index.php(79): CodeIgniter\CodeIgniter->run()
 5 SYSTEMPATH/Commands/Server/rewrite.php(47): require_once('/var/www/html/ITC-311-ACTIVITY-2/public/index.php')
CRITICAL - 2023-09-24 01:07:45 --> Class "App\Models\UserModel" not found
in APPPATH/Controllers/MusicController.php on line 14.
 1 SYSTEMPATH/CodeIgniter.php(891): App\Controllers\MusicController->__construct()
 2 SYSTEMPATH/CodeIgniter.php(485): CodeIgniter\CodeIgniter->createController()
 3 SYSTEMPATH/CodeIgniter.php(353): CodeIgniter\CodeIgniter->handleRequest()
 4 FCPATH/index.php(79): CodeIgniter\CodeIgniter->run()
 5 SYSTEMPATH/Commands/Server/rewrite.php(47): require_once('/var/www/html/ITC-311-ACTIVITY-2/public/index.php')
CRITICAL - 2023-09-24 01:08:01 --> Undefined constant "App\Models\title"
in APPPATH/Controllers/MusicController.php on line 14.
 1 SYSTEMPATH/CodeIgniter.php(891): App\Controllers\MusicController->__construct()
 2 SYSTEMPATH/CodeIgniter.php(485): CodeIgniter\CodeIgniter->createController()
 3 SYSTEMPATH/CodeIgniter.php(353): CodeIgniter\CodeIgniter->handleRequest()
 4 FCPATH/index.php(79): CodeIgniter\CodeIgniter->run()
 5 SYSTEMPATH/Commands/Server/rewrite.php(47): require_once('/var/www/html/ITC-311-ACTIVITY-2/public/index.php')
CRITICAL - 2023-09-24 01:08:33 --> Undefined constant "App\Models\title"
in APPPATH/Controllers/MusicController.php on line 14.
 1 SYSTEMPATH/CodeIgniter.php(891): App\Controllers\MusicController->__construct()
 2 SYSTEMPATH/CodeIgniter.php(485): CodeIgniter\CodeIgniter->createController()
 3 SYSTEMPATH/CodeIgniter.php(353): CodeIgniter\CodeIgniter->handleRequest()
 4 FCPATH/index.php(79): CodeIgniter\CodeIgniter->run()
 5 SYSTEMPATH/Commands/Server/rewrite.php(47): require_once('/var/www/html/ITC-311-ACTIVITY-2/public/index.php')
CRITICAL - 2023-09-24 01:16:38 --> Undefined constant "App\Models\title"
in APPPATH/Controllers/MusicController.php on line 14.
 1 SYSTEMPATH/CodeIgniter.php(891): App\Controllers\MusicController->__construct()
 2 SYSTEMPATH/CodeIgniter.php(485): CodeIgniter\CodeIgniter->createController()
 3 SYSTEMPATH/CodeIgniter.php(353): CodeIgniter\CodeIgniter->handleRequest()
 4 FCPATH/index.php(79): CodeIgniter\CodeIgniter->run()
 5 SYSTEMPATH/Commands/Server/rewrite.php(47): require_once('/var/www/html/ITC-311-ACTIVITY-2/public/index.php')
CRITICAL - 2023-09-24 01:23:56 --> syntax error, unexpected variable "$data", expecting ")"
in APPPATH/Controllers/MusicController.php on line 36.
 1 SYSTEMPATH/Autoloader/Autoloader.php(285): CodeIgniter\Autoloader\Autoloader->includeFile()
 2 SYSTEMPATH/Autoloader/Autoloader.php(263): CodeIgniter\Autoloader\Autoloader->loadInNamespace()
 3 [internal function]: CodeIgniter\Autoloader\Autoloader->loadClass()
 4 SYSTEMPATH/CodeIgniter.php(877): class_exists()
 5 SYSTEMPATH/CodeIgniter.php(481): CodeIgniter\CodeIgniter->startController()
 6 SYSTEMPATH/CodeIgniter.php(353): CodeIgniter\CodeIgniter->handleRequest()
 7 FCPATH/index.php(79): CodeIgniter\CodeIgniter->run()
 8 SYSTEMPATH/Commands/Server/rewrite.php(47): require_once('/var/www/html/ITC-311-ACTIVITY-2/public/index.php')
CRITICAL - 2023-09-24 01:26:14 --> syntax error, unexpected variable "$data", expecting ")"
in APPPATH/Controllers/MusicController.php on line 36.
 1 SYSTEMPATH/Autoloader/Autoloader.php(285): CodeIgniter\Autoloader\Autoloader->includeFile()
 2 SYSTEMPATH/Autoloader/Autoloader.php(263): CodeIgniter\Autoloader\Autoloader->loadInNamespace()
 3 [internal function]: CodeIgniter\Autoloader\Autoloader->loadClass()
 4 SYSTEMPATH/CodeIgniter.php(877): class_exists()
 5 SYSTEMPATH/CodeIgniter.php(481): CodeIgniter\CodeIgniter->startController()
 6 SYSTEMPATH/CodeIgniter.php(353): CodeIgniter\CodeIgniter->handleRequest()
 7 FCPATH/index.php(79): CodeIgniter\CodeIgniter->run()
 8 SYSTEMPATH/Commands/Server/rewrite.php(47): require_once('/var/www/html/ITC-311-ACTIVITY-2/public/index.php')
CRITICAL - 2023-09-24 01:26:14 --> syntax error, unexpected variable "$data", expecting ")"
in APPPATH/Controllers/MusicController.php on line 36.
 1 SYSTEMPATH/Autoloader/Autoloader.php(285): CodeIgniter\Autoloader\Autoloader->includeFile()
 2 SYSTEMPATH/Autoloader/Autoloader.php(263): CodeIgniter\Autoloader\Autoloader->loadInNamespace()
 3 [internal function]: CodeIgniter\Autoloader\Autoloader->loadClass()
 4 SYSTEMPATH/CodeIgniter.php(877): class_exists()
 5 SYSTEMPATH/CodeIgniter.php(481): CodeIgniter\CodeIgniter->startController()
 6 SYSTEMPATH/CodeIgniter.php(353): CodeIgniter\CodeIgniter->handleRequest()
 7 FCPATH/index.php(79): CodeIgniter\CodeIgniter->run()
 8 SYSTEMPATH/Commands/Server/rewrite.php(47): require_once('/var/www/html/ITC-311-ACTIVITY-2/public/index.php')
CRITICAL - 2023-09-24 01:26:15 --> syntax error, unexpected variable "$data", expecting ")"
in APPPATH/Controllers/MusicController.php on line 36.
 1 SYSTEMPATH/Autoloader/Autoloader.php(285): CodeIgniter\Autoloader\Autoloader->includeFile()
 2 SYSTEMPATH/Autoloader/Autoloader.php(263): CodeIgniter\Autoloader\Autoloader->loadInNamespace()
 3 [internal function]: CodeIgniter\Autoloader\Autoloader->loadClass()
 4 SYSTEMPATH/CodeIgniter.php(877): class_exists()
 5 SYSTEMPATH/CodeIgniter.php(481): CodeIgniter\CodeIgniter->startController()
 6 SYSTEMPATH/CodeIgniter.php(353): CodeIgniter\CodeIgniter->handleRequest()
 7 FCPATH/index.php(79): CodeIgniter\CodeIgniter->run()
 8 SYSTEMPATH/Commands/Server/rewrite.php(47): require_once('/var/www/html/ITC-311-ACTIVITY-2/public/index.php')
CRITICAL - 2023-09-24 01:26:15 --> syntax error, unexpected variable "$data", expecting ")"
in APPPATH/Controllers/MusicController.php on line 36.
 1 SYSTEMPATH/Autoloader/Autoloader.php(285): CodeIgniter\Autoloader\Autoloader->includeFile()
 2 SYSTEMPATH/Autoloader/Autoloader.php(263): CodeIgniter\Autoloader\Autoloader->loadInNamespace()
 3 [internal function]: CodeIgniter\Autoloader\Autoloader->loadClass()
 4 SYSTEMPATH/CodeIgniter.php(877): class_exists()
 5 SYSTEMPATH/CodeIgniter.php(481): CodeIgniter\CodeIgniter->startController()
 6 SYSTEMPATH/CodeIgniter.php(353): CodeIgniter\CodeIgniter->handleRequest()
 7 FCPATH/index.php(79): CodeIgniter\CodeIgniter->run()
 8 SYSTEMPATH/Commands/Server/rewrite.php(47): require_once('/var/www/html/ITC-311-ACTIVITY-2/public/index.php')
CRITICAL - 2023-09-24 01:26:15 --> syntax error, unexpected variable "$data", expecting ")"
in APPPATH/Controllers/MusicController.php on line 36.
 1 SYSTEMPATH/Autoloader/Autoloader.php(285): CodeIgniter\Autoloader\Autoloader->includeFile()
 2 SYSTEMPATH/Autoloader/Autoloader.php(263): CodeIgniter\Autoloader\Autoloader->loadInNamespace()
 3 [internal function]: CodeIgniter\Autoloader\Autoloader->loadClass()
 4 SYSTEMPATH/CodeIgniter.php(877): class_exists()
 5 SYSTEMPATH/CodeIgniter.php(481): CodeIgniter\CodeIgniter->startController()
 6 SYSTEMPATH/CodeIgniter.php(353): CodeIgniter\CodeIgniter->handleRequest()
 7 FCPATH/index.php(79): CodeIgniter\CodeIgniter->run()
 8 SYSTEMPATH/Commands/Server/rewrite.php(47): require_once('/var/www/html/ITC-311-ACTIVITY-2/public/index.php')
CRITICAL - 2023-09-24 01:26:15 --> syntax error, unexpected variable "$data", expecting ")"
in APPPATH/Controllers/MusicController.php on line 36.
 1 SYSTEMPATH/Autoloader/Autoloader.php(285): CodeIgniter\Autoloader\Autoloader->includeFile()
 2 SYSTEMPATH/Autoloader/Autoloader.php(263): CodeIgniter\Autoloader\Autoloader->loadInNamespace()
 3 [internal function]: CodeIgniter\Autoloader\Autoloader->loadClass()
 4 SYSTEMPATH/CodeIgniter.php(877): class_exists()
 5 SYSTEMPATH/CodeIgniter.php(481): CodeIgniter\CodeIgniter->startController()
 6 SYSTEMPATH/CodeIgniter.php(353): CodeIgniter\CodeIgniter->handleRequest()
 7 FCPATH/index.php(79): CodeIgniter\CodeIgniter->run()
 8 SYSTEMPATH/Commands/Server/rewrite.php(47): require_once('/var/www/html/ITC-311-ACTIVITY-2/public/index.php')
CRITICAL - 2023-09-24 01:30:25 --> Call to a member function findAll() on null
in APPPATH/Controllers/MusicController.php on line 35.
 1 SYSTEMPATH/CodeIgniter.php(919): App\Controllers\MusicController->home()
 2 SYSTEMPATH/CodeIgniter.php(494): CodeIgniter\CodeIgniter->runController()
 3 SYSTEMPATH/CodeIgniter.php(353): CodeIgniter\CodeIgniter->handleRequest()
 4 FCPATH/index.php(79): CodeIgniter\CodeIgniter->run()
 5 SYSTEMPATH/Commands/Server/rewrite.php(47): require_once('/var/www/html/ITC-311-ACTIVITY-2/public/index.php')
CRITICAL - 2023-09-24 01:30:26 --> Call to a member function findAll() on null
in APPPATH/Controllers/MusicController.php on line 35.
 1 SYSTEMPATH/CodeIgniter.php(919): App\Controllers\MusicController->home()
 2 SYSTEMPATH/CodeIgniter.php(494): CodeIgniter\CodeIgniter->runController()
 3 SYSTEMPATH/CodeIgniter.php(353): CodeIgniter\CodeIgniter->handleRequest()
 4 FCPATH/index.php(79): CodeIgniter\CodeIgniter->run()
 5 SYSTEMPATH/Commands/Server/rewrite.php(47): require_once('/var/www/html/ITC-311-ACTIVITY-2/public/index.php')
CRITICAL - 2023-09-24 01:34:24 --> syntax error, unexpected variable "$data", expecting ")"
in APPPATH/Controllers/MusicController.php on line 36.
 1 SYSTEMPATH/Autoloader/Autoloader.php(285): CodeIgniter\Autoloader\Autoloader->includeFile()
 2 SYSTEMPATH/Autoloader/Autoloader.php(263): CodeIgniter\Autoloader\Autoloader->loadInNamespace()
 3 [internal function]: CodeIgniter\Autoloader\Autoloader->loadClass()
 4 SYSTEMPATH/CodeIgniter.php(877): class_exists()
 5 SYSTEMPATH/CodeIgniter.php(481): CodeIgniter\CodeIgniter->startController()
 6 SYSTEMPATH/CodeIgniter.php(353): CodeIgniter\CodeIgniter->handleRequest()
 7 FCPATH/index.php(79): CodeIgniter\CodeIgniter->run()
 8 SYSTEMPATH/Commands/Server/rewrite.php(47): require_once('/var/www/html/ITC-311-ACTIVITY-2/public/index.php')
CRITICAL - 2023-09-24 01:35:01 --> syntax error, unexpected variable "$data", expecting ")"
in APPPATH/Controllers/MusicController.php on line 36.
 1 SYSTEMPATH/Autoloader/Autoloader.php(285): CodeIgniter\Autoloader\Autoloader->includeFile()
 2 SYSTEMPATH/Autoloader/Autoloader.php(263): CodeIgniter\Autoloader\Autoloader->loadInNamespace()
 3 [internal function]: CodeIgniter\Autoloader\Autoloader->loadClass()
 4 SYSTEMPATH/CodeIgniter.php(877): class_exists()
 5 SYSTEMPATH/CodeIgniter.php(481): CodeIgniter\CodeIgniter->startController()
 6 SYSTEMPATH/CodeIgniter.php(353): CodeIgniter\CodeIgniter->handleRequest()
 7 FCPATH/index.php(79): CodeIgniter\CodeIgniter->run()
 8 SYSTEMPATH/Commands/Server/rewrite.php(47): require_once('/var/www/html/ITC-311-ACTIVITY-2/public/index.php')
CRITICAL - 2023-09-24 01:35:02 --> syntax error, unexpected variable "$data", expecting ")"
in APPPATH/Controllers/MusicController.php on line 36.
 1 SYSTEMPATH/Autoloader/Autoloader.php(285): CodeIgniter\Autoloader\Autoloader->includeFile()
 2 SYSTEMPATH/Autoloader/Autoloader.php(263): CodeIgniter\Autoloader\Autoloader->loadInNamespace()
 3 [internal function]: CodeIgniter\Autoloader\Autoloader->loadClass()
 4 SYSTEMPATH/CodeIgniter.php(877): class_exists()
 5 SYSTEMPATH/CodeIgniter.php(481): CodeIgniter\CodeIgniter->startController()
 6 SYSTEMPATH/CodeIgniter.php(353): CodeIgniter\CodeIgniter->handleRequest()
 7 FCPATH/index.php(79): CodeIgniter\CodeIgniter->run()
 8 SYSTEMPATH/Commands/Server/rewrite.php(47): require_once('/var/www/html/ITC-311-ACTIVITY-2/public/index.php')
CRITICAL - 2023-09-24 01:37:38 --> syntax error, unexpected variable "$data", expecting ")"
in APPPATH/Controllers/MusicController.php on line 36.
 1 SYSTEMPATH/Autoloader/Autoloader.php(285): CodeIgniter\Autoloader\Autoloader->includeFile()
 2 SYSTEMPATH/Autoloader/Autoloader.php(263): CodeIgniter\Autoloader\Autoloader->loadInNamespace()
 3 [internal function]: CodeIgniter\Autoloader\Autoloader->loadClass()
 4 SYSTEMPATH/CodeIgniter.php(877): class_exists()
 5 SYSTEMPATH/CodeIgniter.php(481): CodeIgniter\CodeIgniter->startController()
 6 SYSTEMPATH/CodeIgniter.php(353): CodeIgniter\CodeIgniter->handleRequest()
 7 FCPATH/index.php(79): CodeIgniter\CodeIgniter->run()
 8 SYSTEMPATH/Commands/Server/rewrite.php(47): require_once('/var/www/html/ITC-311-ACTIVITY-2/public/index.php')
CRITICAL - 2023-09-24 01:37:40 --> syntax error, unexpected variable "$data", expecting ")"
in APPPATH/Controllers/MusicController.php on line 36.
 1 SYSTEMPATH/Autoloader/Autoloader.php(285): CodeIgniter\Autoloader\Autoloader->includeFile()
 2 SYSTEMPATH/Autoloader/Autoloader.php(263): CodeIgniter\Autoloader\Autoloader->loadInNamespace()
 3 [internal function]: CodeIgniter\Autoloader\Autoloader->loadClass()
 4 SYSTEMPATH/CodeIgniter.php(877): class_exists()
 5 SYSTEMPATH/CodeIgniter.php(481): CodeIgniter\CodeIgniter->startController()
 6 SYSTEMPATH/CodeIgniter.php(353): CodeIgniter\CodeIgniter->handleRequest()
 7 FCPATH/index.php(79): CodeIgniter\CodeIgniter->run()
 8 SYSTEMPATH/Commands/Server/rewrite.php(47): require_once('/var/www/html/ITC-311-ACTIVITY-2/public/index.php')
CRITICAL - 2023-09-24 01:38:31 --> syntax error, unexpected variable "$data", expecting ")"
in APPPATH/Controllers/MusicController.php on line 36.
 1 SYSTEMPATH/Autoloader/Autoloader.php(285): CodeIgniter\Autoloader\Autoloader->includeFile()
 2 SYSTEMPATH/Autoloader/Autoloader.php(263): CodeIgniter\Autoloader\Autoloader->loadInNamespace()
 3 [internal function]: CodeIgniter\Autoloader\Autoloader->loadClass()
 4 SYSTEMPATH/CodeIgniter.php(877): class_exists()
 5 SYSTEMPATH/CodeIgniter.php(481): CodeIgniter\CodeIgniter->startController()
 6 SYSTEMPATH/CodeIgniter.php(353): CodeIgniter\CodeIgniter->handleRequest()
 7 FCPATH/index.php(79): CodeIgniter\CodeIgniter->run()
 8 SYSTEMPATH/Commands/Server/rewrite.php(47): require_once('/var/www/html/ITC-311-ACTIVITY-2/public/index.php')
CRITICAL - 2023-09-24 01:38:31 --> syntax error, unexpected variable "$data", expecting ")"
in APPPATH/Controllers/MusicController.php on line 36.
 1 SYSTEMPATH/Autoloader/Autoloader.php(285): CodeIgniter\Autoloader\Autoloader->includeFile()
 2 SYSTEMPATH/Autoloader/Autoloader.php(263): CodeIgniter\Autoloader\Autoloader->loadInNamespace()
 3 [internal function]: CodeIgniter\Autoloader\Autoloader->loadClass()
 4 SYSTEMPATH/CodeIgniter.php(877): class_exists()
 5 SYSTEMPATH/CodeIgniter.php(481): CodeIgniter\CodeIgniter->startController()
 6 SYSTEMPATH/CodeIgniter.php(353): CodeIgniter\CodeIgniter->handleRequest()
 7 FCPATH/index.php(79): CodeIgniter\CodeIgniter->run()
 8 SYSTEMPATH/Commands/Server/rewrite.php(47): require_once('/var/www/html/ITC-311-ACTIVITY-2/public/index.php')
CRITICAL - 2023-09-24 01:38:32 --> syntax error, unexpected variable "$data", expecting ")"
in APPPATH/Controllers/MusicController.php on line 36.
 1 SYSTEMPATH/Autoloader/Autoloader.php(285): CodeIgniter\Autoloader\Autoloader->includeFile()
 2 SYSTEMPATH/Autoloader/Autoloader.php(263): CodeIgniter\Autoloader\Autoloader->loadInNamespace()
 3 [internal function]: CodeIgniter\Autoloader\Autoloader->loadClass()
 4 SYSTEMPATH/CodeIgniter.php(877): class_exists()
 5 SYSTEMPATH/CodeIgniter.php(481): CodeIgniter\CodeIgniter->startController()
 6 SYSTEMPATH/CodeIgniter.php(353): CodeIgniter\CodeIgniter->handleRequest()
 7 FCPATH/index.php(79): CodeIgniter\CodeIgniter->run()
 8 SYSTEMPATH/Commands/Server/rewrite.php(47): require_once('/var/www/html/ITC-311-ACTIVITY-2/public/index.php')
CRITICAL - 2023-09-24 01:38:32 --> syntax error, unexpected variable "$data", expecting ")"
in APPPATH/Controllers/MusicController.php on line 36.
 1 SYSTEMPATH/Autoloader/Autoloader.php(285): CodeIgniter\Autoloader\Autoloader->includeFile()
 2 SYSTEMPATH/Autoloader/Autoloader.php(263): CodeIgniter\Autoloader\Autoloader->loadInNamespace()
 3 [internal function]: CodeIgniter\Autoloader\Autoloader->loadClass()
 4 SYSTEMPATH/CodeIgniter.php(877): class_exists()
 5 SYSTEMPATH/CodeIgniter.php(481): CodeIgniter\CodeIgniter->startController()
 6 SYSTEMPATH/CodeIgniter.php(353): CodeIgniter\CodeIgniter->handleRequest()
 7 FCPATH/index.php(79): CodeIgniter\CodeIgniter->run()
 8 SYSTEMPATH/Commands/Server/rewrite.php(47): require_once('/var/www/html/ITC-311-ACTIVITY-2/public/index.php')
CRITICAL - 2023-09-24 01:38:32 --> syntax error, unexpected variable "$data", expecting ")"
in APPPATH/Controllers/MusicController.php on line 36.
 1 SYSTEMPATH/Autoloader/Autoloader.php(285): CodeIgniter\Autoloader\Autoloader->includeFile()
 2 SYSTEMPATH/Autoloader/Autoloader.php(263): CodeIgniter\Autoloader\Autoloader->loadInNamespace()
 3 [internal function]: CodeIgniter\Autoloader\Autoloader->loadClass()
 4 SYSTEMPATH/CodeIgniter.php(877): class_exists()
 5 SYSTEMPATH/CodeIgniter.php(481): CodeIgniter\CodeIgniter->startController()
 6 SYSTEMPATH/CodeIgniter.php(353): CodeIgniter\CodeIgniter->handleRequest()
 7 FCPATH/index.php(79): CodeIgniter\CodeIgniter->run()
 8 SYSTEMPATH/Commands/Server/rewrite.php(47): require_once('/var/www/html/ITC-311-ACTIVITY-2/public/index.php')
CRITICAL - 2023-09-24 01:40:54 --> syntax error, unexpected variable "$data", expecting ")"
in APPPATH/Controllers/MusicController.php on line 36.
 1 SYSTEMPATH/Autoloader/Autoloader.php(285): CodeIgniter\Autoloader\Autoloader->includeFile()
 2 SYSTEMPATH/Autoloader/Autoloader.php(263): CodeIgniter\Autoloader\Autoloader->loadInNamespace()
 3 [internal function]: CodeIgniter\Autoloader\Autoloader->loadClass()
 4 SYSTEMPATH/CodeIgniter.php(877): class_exists()
 5 SYSTEMPATH/CodeIgniter.php(481): CodeIgniter\CodeIgniter->startController()
 6 SYSTEMPATH/CodeIgniter.php(353): CodeIgniter\CodeIgniter->handleRequest()
 7 FCPATH/index.php(79): CodeIgniter\CodeIgniter->run()
 8 SYSTEMPATH/Commands/Server/rewrite.php(47): require_once('/var/www/html/ITC-311-ACTIVITY-2/public/index.php')
CRITICAL - 2023-09-24 01:44:26 --> Undefined constant "App\Models\title"
in APPPATH/Controllers/MusicController.php on line 14.
 1 SYSTEMPATH/CodeIgniter.php(891): App\Controllers\MusicController->__construct()
 2 SYSTEMPATH/CodeIgniter.php(485): CodeIgniter\CodeIgniter->createController()
 3 SYSTEMPATH/CodeIgniter.php(353): CodeIgniter\CodeIgniter->handleRequest()
 4 FCPATH/index.php(79): CodeIgniter\CodeIgniter->run()
 5 SYSTEMPATH/Commands/Server/rewrite.php(47): require_once('/var/www/html/ITC-311-ACTIVITY-2/public/index.php')
CRITICAL - 2023-09-24 01:46:47 --> Undefined constant "App\Models\title"
in APPPATH/Controllers/MusicController.php on line 14.
 1 SYSTEMPATH/CodeIgniter.php(891): App\Controllers\MusicController->__construct()
 2 SYSTEMPATH/CodeIgniter.php(485): CodeIgniter\CodeIgniter->createController()
 3 SYSTEMPATH/CodeIgniter.php(353): CodeIgniter\CodeIgniter->handleRequest()
 4 FCPATH/index.php(79): CodeIgniter\CodeIgniter->run()
 5 SYSTEMPATH/Commands/Server/rewrite.php(47): require_once('/var/www/html/ITC-311-ACTIVITY-2/public/index.php')
CRITICAL - 2023-09-24 01:46:48 --> Undefined constant "App\Models\title"
in APPPATH/Controllers/MusicController.php on line 14.
 1 SYSTEMPATH/CodeIgniter.php(891): App\Controllers\MusicController->__construct()
 2 SYSTEMPATH/CodeIgniter.php(485): CodeIgniter\CodeIgniter->createController()
 3 SYSTEMPATH/CodeIgniter.php(353): CodeIgniter\CodeIgniter->handleRequest()
 4 FCPATH/index.php(79): CodeIgniter\CodeIgniter->run()
 5 SYSTEMPATH/Commands/Server/rewrite.php(47): require_once('/var/www/html/ITC-311-ACTIVITY-2/public/index.php')
CRITICAL - 2023-09-24 01:47:00 --> Undefined constant "App\Models\title"
in APPPATH/Controllers/MusicController.php on line 14.
 1 SYSTEMPATH/CodeIgniter.php(891): App\Controllers\MusicController->__construct()
 2 SYSTEMPATH/CodeIgniter.php(485): CodeIgniter\CodeIgniter->createController()
 3 SYSTEMPATH/CodeIgniter.php(353): CodeIgniter\CodeIgniter->handleRequest()
 4 FCPATH/index.php(79): CodeIgniter\CodeIgniter->run()
 5 SYSTEMPATH/Commands/Server/rewrite.php(47): require_once('/var/www/html/ITC-311-ACTIVITY-2/public/index.php')
CRITICAL - 2023-09-24 01:54:27 --> Undefined constant "App\Models\title"
in APPPATH/Controllers/MusicController.php on line 14.
 1 SYSTEMPATH/CodeIgniter.php(891): App\Controllers\MusicController->__construct()
 2 SYSTEMPATH/CodeIgniter.php(485): CodeIgniter\CodeIgniter->createController()
 3 SYSTEMPATH/CodeIgniter.php(353): CodeIgniter\CodeIgniter->handleRequest()
 4 FCPATH/index.php(79): CodeIgniter\CodeIgniter->run()
 5 SYSTEMPATH/Commands/Server/rewrite.php(47): require_once('/var/www/html/ITC-311-ACTIVITY-2/public/index.php')
CRITICAL - 2023-09-24 01:58:30 --> Undefined constant "App\Models\title"
in APPPATH/Controllers/MusicController.php on line 14.
 1 SYSTEMPATH/CodeIgniter.php(891): App\Controllers\MusicController->__construct()
 2 SYSTEMPATH/CodeIgniter.php(485): CodeIgniter\CodeIgniter->createController()
 3 SYSTEMPATH/CodeIgniter.php(353): CodeIgniter\CodeIgniter->handleRequest()
 4 FCPATH/index.php(79): CodeIgniter\CodeIgniter->run()
 5 SYSTEMPATH/Commands/Server/rewrite.php(47): require_once('/var/www/html/ITC-311-ACTIVITY-2/public/index.php')
CRITICAL - 2023-09-24 02:06:38 --> Undefined constant "App\Models\title"
in APPPATH/Controllers/MusicController.php on line 13.
 1 SYSTEMPATH/CodeIgniter.php(891): App\Controllers\MusicController->__construct()
 2 SYSTEMPATH/CodeIgniter.php(485): CodeIgniter\CodeIgniter->createController()
 3 SYSTEMPATH/CodeIgniter.php(353): CodeIgniter\CodeIgniter->handleRequest()
 4 FCPATH/index.php(79): CodeIgniter\CodeIgniter->run()
 5 SYSTEMPATH/Commands/Server/rewrite.php(47): require_once('/var/www/html/ITC-311-ACTIVITY-2/public/index.php')
CRITICAL - 2023-09-24 02:06:39 --> Undefined constant "App\Models\title"
in APPPATH/Controllers/MusicController.php on line 13.
 1 SYSTEMPATH/CodeIgniter.php(891): App\Controllers\MusicController->__construct()
 2 SYSTEMPATH/CodeIgniter.php(485): CodeIgniter\CodeIgniter->createController()
 3 SYSTEMPATH/CodeIgniter.php(353): CodeIgniter\CodeIgniter->handleRequest()
 4 FCPATH/index.php(79): CodeIgniter\CodeIgniter->run()
 5 SYSTEMPATH/Commands/Server/rewrite.php(47): require_once('/var/www/html/ITC-311-ACTIVITY-2/public/index.php')
CRITICAL - 2023-09-24 02:06:39 --> Undefined constant "App\Models\title"
in APPPATH/Controllers/MusicController.php on line 13.
 1 SYSTEMPATH/CodeIgniter.php(891): App\Controllers\MusicController->__construct()
 2 SYSTEMPATH/CodeIgniter.php(485): CodeIgniter\CodeIgniter->createController()
 3 SYSTEMPATH/CodeIgniter.php(353): CodeIgniter\CodeIgniter->handleRequest()
 4 FCPATH/index.php(79): CodeIgniter\CodeIgniter->run()
 5 SYSTEMPATH/Commands/Server/rewrite.php(47): require_once('/var/www/html/ITC-311-ACTIVITY-2/public/index.php')
CRITICAL - 2023-09-24 02:06:39 --> Undefined constant "App\Models\title"
in APPPATH/Controllers/MusicController.php on line 13.
 1 SYSTEMPATH/CodeIgniter.php(891): App\Controllers\MusicController->__construct()
 2 SYSTEMPATH/CodeIgniter.php(485): CodeIgniter\CodeIgniter->createController()
 3 SYSTEMPATH/CodeIgniter.php(353): CodeIgniter\CodeIgniter->handleRequest()
 4 FCPATH/index.php(79): CodeIgniter\CodeIgniter->run()
 5 SYSTEMPATH/Commands/Server/rewrite.php(47): require_once('/var/www/html/ITC-311-ACTIVITY-2/public/index.php')
CRITICAL - 2023-09-24 05:54:19 --> Undefined array key "playlist"
in APPPATH/Views/Musicz/body.php on line 128.
 1 APPPATH/Views/Musicz/body.php(128): CodeIgniter\Debug\Exceptions->errorHandler()
 2 SYSTEMPATH/View/View.php(226): include('/var/www/html/ITC-311-ACTIVITY-2/app/Views/Musicz/body.php')
 3 SYSTEMPATH/View/View.php(229): CodeIgniter\View\View->CodeIgniter\View\{closure}()
 4 SYSTEMPATH/View/View.php(467): CodeIgniter\View\View->render()
 5 APPPATH/Views/welcome_message.php(2): CodeIgniter\View\View->include()
 6 SYSTEMPATH/View/View.php(226): include('/var/www/html/ITC-311-ACTIVITY-2/app/Views/welcome_message.php')
 7 SYSTEMPATH/View/View.php(229): CodeIgniter\View\View->CodeIgniter\View\{closure}()
 8 SYSTEMPATH/Common.php(1188): CodeIgniter\View\View->render()
 9 APPPATH/Controllers/MusicController.php(36): view()
10 SYSTEMPATH/CodeIgniter.php(919): App\Controllers\MusicController->home()
11 SYSTEMPATH/CodeIgniter.php(494): CodeIgniter\CodeIgniter->runController()
12 SYSTEMPATH/CodeIgniter.php(353): CodeIgniter\CodeIgniter->handleRequest()
13 FCPATH/index.php(79): CodeIgniter\CodeIgniter->run()
14 SYSTEMPATH/Commands/Server/rewrite.php(47): require_once('/var/www/html/ITC-311-ACTIVITY-2/public/index.php')
CRITICAL - 2023-09-24 06:49:24 --> Call to a member function isValid() on null
in APPPATH/Controllers/MusicController.php on line 25.
 1 SYSTEMPATH/CodeIgniter.php(919): App\Controllers\MusicController->insert()
 2 SYSTEMPATH/CodeIgniter.php(494): CodeIgniter\CodeIgniter->runController()
 3 SYSTEMPATH/CodeIgniter.php(353): CodeIgniter\CodeIgniter->handleRequest()
 4 FCPATH/index.php(79): CodeIgniter\CodeIgniter->run()
 5 SYSTEMPATH/Commands/Server/rewrite.php(47): require_once('/var/www/html/ITC-311-ACTIVITY-2/public/index.php')
CRITICAL - 2023-09-24 06:55:14 --> Call to a member function isValid() on null
in APPPATH/Controllers/MusicController.php on line 26.
 1 SYSTEMPATH/CodeIgniter.php(919): App\Controllers\MusicController->insert()
 2 SYSTEMPATH/CodeIgniter.php(494): CodeIgniter\CodeIgniter->runController()
 3 SYSTEMPATH/CodeIgniter.php(353): CodeIgniter\CodeIgniter->handleRequest()
 4 FCPATH/index.php(79): CodeIgniter\CodeIgniter->run()
 5 SYSTEMPATH/Commands/Server/rewrite.php(47): require_once('/var/www/html/ITC-311-ACTIVITY-2/public/index.php')
CRITICAL - 2023-09-24 07:38:49 --> Undefined variable $player
in APPPATH/Views/Musicz/body.php on line 50.
 1 APPPATH/Views/Musicz/body.php(50): CodeIgniter\Debug\Exceptions->errorHandler()
 2 SYSTEMPATH/View/View.php(226): include('/var/www/html/ITC-311-ACTIVITY-2/app/Views/Musicz/body.php')
 3 SYSTEMPATH/View/View.php(229): CodeIgniter\View\View->CodeIgniter\View\{closure}()
 4 SYSTEMPATH/View/View.php(467): CodeIgniter\View\View->render()
 5 APPPATH/Views/welcome_message.php(2): CodeIgniter\View\View->include()
 6 SYSTEMPATH/View/View.php(226): include('/var/www/html/ITC-311-ACTIVITY-2/app/Views/welcome_message.php')
 7 SYSTEMPATH/View/View.php(229): CodeIgniter\View\View->CodeIgniter\View\{closure}()
 8 SYSTEMPATH/Common.php(1188): CodeIgniter\View\View->render()
 9 APPPATH/Controllers/Home.php(9): view()
10 SYSTEMPATH/CodeIgniter.php(919): App\Controllers\Home->index()
11 SYSTEMPATH/CodeIgniter.php(494): CodeIgniter\CodeIgniter->runController()
12 SYSTEMPATH/CodeIgniter.php(353): CodeIgniter\CodeIgniter->handleRequest()
13 FCPATH/index.php(79): CodeIgniter\CodeIgniter->run()
14 SYSTEMPATH/Commands/Server/rewrite.php(47): require_once('/var/www/html/ITC-311-ACTIVITY-2/public/index.php')
CRITICAL - 2023-09-24 07:39:02 --> Undefined variable $player
in APPPATH/Views/Musicz/body.php on line 50.
 1 APPPATH/Views/Musicz/body.php(50): CodeIgniter\Debug\Exceptions->errorHandler()
 2 SYSTEMPATH/View/View.php(226): include('/var/www/html/ITC-311-ACTIVITY-2/app/Views/Musicz/body.php')
 3 SYSTEMPATH/View/View.php(229): CodeIgniter\View\View->CodeIgniter\View\{closure}()
 4 SYSTEMPATH/View/View.php(467): CodeIgniter\View\View->render()
 5 APPPATH/Views/welcome_message.php(2): CodeIgniter\View\View->include()
 6 SYSTEMPATH/View/View.php(226): include('/var/www/html/ITC-311-ACTIVITY-2/app/Views/welcome_message.php')
 7 SYSTEMPATH/View/View.php(229): CodeIgniter\View\View->CodeIgniter\View\{closure}()
 8 SYSTEMPATH/Common.php(1188): CodeIgniter\View\View->render()
 9 APPPATH/Controllers/Home.php(9): view()
10 SYSTEMPATH/CodeIgniter.php(919): App\Controllers\Home->index()
11 SYSTEMPATH/CodeIgniter.php(494): CodeIgniter\CodeIgniter->runController()
12 SYSTEMPATH/CodeIgniter.php(353): CodeIgniter\CodeIgniter->handleRequest()
13 FCPATH/index.php(79): CodeIgniter\CodeIgniter->run()
14 SYSTEMPATH/Commands/Server/rewrite.php(47): require_once('/var/www/html/ITC-311-ACTIVITY-2/public/index.php')
CRITICAL - 2023-09-24 08:07:58 --> Call to a member function isValid() on null
in APPPATH/Controllers/MusicController.php on line 26.
 1 SYSTEMPATH/CodeIgniter.php(919): App\Controllers\MusicController->insert()
 2 SYSTEMPATH/CodeIgniter.php(494): CodeIgniter\CodeIgniter->runController()
 3 SYSTEMPATH/CodeIgniter.php(353): CodeIgniter\CodeIgniter->handleRequest()
 4 FCPATH/index.php(79): CodeIgniter\CodeIgniter->run()
 5 SYSTEMPATH/Commands/Server/rewrite.php(47): require_once('/var/www/html/ITC-311-ACTIVITY-2/public/index.php')
CRITICAL - 2023-09-24 08:08:42 --> Call to a member function getTempName() on null
in APPPATH/Controllers/MusicController.php on line 25.
 1 SYSTEMPATH/CodeIgniter.php(919): App\Controllers\MusicController->insert()
 2 SYSTEMPATH/CodeIgniter.php(494): CodeIgniter\CodeIgniter->runController()
 3 SYSTEMPATH/CodeIgniter.php(353): CodeIgniter\CodeIgniter->handleRequest()
 4 FCPATH/index.php(79): CodeIgniter\CodeIgniter->run()
 5 SYSTEMPATH/Commands/Server/rewrite.php(47): require_once('/var/www/html/ITC-311-ACTIVITY-2/public/index.php')
CRITICAL - 2023-09-24 09:06:56 --> Call to a member function isValid() on null
in APPPATH/Controllers/MusicController.php on line 25.
 1 SYSTEMPATH/CodeIgniter.php(919): App\Controllers\MusicController->insert()
 2 SYSTEMPATH/CodeIgniter.php(494): CodeIgniter\CodeIgniter->runController()
 3 SYSTEMPATH/CodeIgniter.php(353): CodeIgniter\CodeIgniter->handleRequest()
 4 FCPATH/index.php(79): CodeIgniter\CodeIgniter->run()
 5 SYSTEMPATH/Commands/Server/rewrite.php(47): require_once('/var/www/html/ITC-311-ACTIVITY-2/public/index.php')
CRITICAL - 2023-09-24 09:13:49 --> Call to a member function isValid() on null
in APPPATH/Controllers/MusicController.php on line 26.
 1 SYSTEMPATH/CodeIgniter.php(919): App\Controllers\MusicController->insert()
 2 SYSTEMPATH/CodeIgniter.php(494): CodeIgniter\CodeIgniter->runController()
 3 SYSTEMPATH/CodeIgniter.php(353): CodeIgniter\CodeIgniter->handleRequest()
 4 FCPATH/index.php(79): CodeIgniter\CodeIgniter->run()
 5 SYSTEMPATH/Commands/Server/rewrite.php(47): require_once('/var/www/html/ITC-311-ACTIVITY-2/public/index.php')
CRITICAL - 2023-09-24 09:14:03 --> Call to a member function isValid() on null
in APPPATH/Controllers/MusicController.php on line 26.
 1 SYSTEMPATH/CodeIgniter.php(919): App\Controllers\MusicController->insert()
 2 SYSTEMPATH/CodeIgniter.php(494): CodeIgniter\CodeIgniter->runController()
 3 SYSTEMPATH/CodeIgniter.php(353): CodeIgniter\CodeIgniter->handleRequest()
 4 FCPATH/index.php(79): CodeIgniter\CodeIgniter->run()
 5 SYSTEMPATH/Commands/Server/rewrite.php(47): require_once('/var/www/html/ITC-311-ACTIVITY-2/public/index.php')
CRITICAL - 2023-09-24 10:34:21 --> Call to a member function isValid() on null
in APPPATH/Controllers/MusicController.php on line 25.
 1 SYSTEMPATH/CodeIgniter.php(919): App\Controllers\MusicController->insert()
 2 SYSTEMPATH/CodeIgniter.php(494): CodeIgniter\CodeIgniter->runController()
 3 SYSTEMPATH/CodeIgniter.php(353): CodeIgniter\CodeIgniter->handleRequest()
 4 FCPATH/index.php(79): CodeIgniter\CodeIgniter->run()
 5 SYSTEMPATH/Commands/Server/rewrite.php(47): require_once('/var/www/html/ITC-311-ACTIVITY-2/public/index.php')
CRITICAL - 2023-09-24 10:36:44 --> Call to a member function isValid() on null
in APPPATH/Controllers/MusicController.php on line 25.
 1 SYSTEMPATH/CodeIgniter.php(919): App\Controllers\MusicController->insert()
 2 SYSTEMPATH/CodeIgniter.php(494): CodeIgniter\CodeIgniter->runController()
 3 SYSTEMPATH/CodeIgniter.php(353): CodeIgniter\CodeIgniter->handleRequest()
 4 FCPATH/index.php(79): CodeIgniter\CodeIgniter->run()
 5 SYSTEMPATH/Commands/Server/rewrite.php(47): require_once('/var/www/html/ITC-311-ACTIVITY-2/public/index.php')
CRITICAL - 2023-09-24 10:37:01 --> Call to a member function isValid() on null
in APPPATH/Controllers/MusicController.php on line 25.
 1 SYSTEMPATH/CodeIgniter.php(919): App\Controllers\MusicController->insert()
 2 SYSTEMPATH/CodeIgniter.php(494): CodeIgniter\CodeIgniter->runController()
 3 SYSTEMPATH/CodeIgniter.php(353): CodeIgniter\CodeIgniter->handleRequest()
 4 FCPATH/index.php(79): CodeIgniter\CodeIgniter->run()
 5 SYSTEMPATH/Commands/Server/rewrite.php(47): require_once('/var/www/html/ITC-311-ACTIVITY-2/public/index.php')
CRITICAL - 2023-09-24 10:39:09 --> Call to undefined method CodeIgniter\HTTP\IncomingRequest::hasFile()
in APPPATH/Controllers/MusicController.php on line 24.
 1 SYSTEMPATH/CodeIgniter.php(919): App\Controllers\MusicController->insert()
 2 SYSTEMPATH/CodeIgniter.php(494): CodeIgniter\CodeIgniter->runController()
 3 SYSTEMPATH/CodeIgniter.php(353): CodeIgniter\CodeIgniter->handleRequest()
 4 FCPATH/index.php(79): CodeIgniter\CodeIgniter->run()
 5 SYSTEMPATH/Commands/Server/rewrite.php(47): require_once('/var/www/html/ITC-311-ACTIVITY-2/public/index.php')
CRITICAL - 2023-09-24 10:39:24 --> Call to undefined method CodeIgniter\HTTP\IncomingRequest::hasFile()
in APPPATH/Controllers/MusicController.php on line 24.
 1 SYSTEMPATH/CodeIgniter.php(919): App\Controllers\MusicController->insert()
 2 SYSTEMPATH/CodeIgniter.php(494): CodeIgniter\CodeIgniter->runController()
 3 SYSTEMPATH/CodeIgniter.php(353): CodeIgniter\CodeIgniter->handleRequest()
 4 FCPATH/index.php(79): CodeIgniter\CodeIgniter->run()
 5 SYSTEMPATH/Commands/Server/rewrite.php(47): require_once('/var/www/html/ITC-311-ACTIVITY-2/public/index.php')
CRITICAL - 2023-09-24 10:53:30 --> Undefined array key "playlist"
in APPPATH/Views/Musicz/body.php on line 128.
 1 APPPATH/Views/Musicz/body.php(128): CodeIgniter\Debug\Exceptions->errorHandler()
 2 SYSTEMPATH/View/View.php(226): include('/var/www/html/ITC-311-ACTIVITY-2/app/Views/Musicz/body.php')
 3 SYSTEMPATH/View/View.php(229): CodeIgniter\View\View->CodeIgniter\View\{closure}()
 4 SYSTEMPATH/View/View.php(467): CodeIgniter\View\View->render()
 5 APPPATH/Views/welcome_message.php(2): CodeIgniter\View\View->include()
 6 SYSTEMPATH/View/View.php(226): include('/var/www/html/ITC-311-ACTIVITY-2/app/Views/welcome_message.php')
 7 SYSTEMPATH/View/View.php(229): CodeIgniter\View\View->CodeIgniter\View\{closure}()
 8 SYSTEMPATH/Common.php(1188): CodeIgniter\View\View->render()
 9 APPPATH/Controllers/MusicController.php(65): view()
10 SYSTEMPATH/CodeIgniter.php(919): App\Controllers\MusicController->home()
11 SYSTEMPATH/CodeIgniter.php(494): CodeIgniter\CodeIgniter->runController()
12 SYSTEMPATH/CodeIgniter.php(353): CodeIgniter\CodeIgniter->handleRequest()
13 FCPATH/index.php(79): CodeIgniter\CodeIgniter->run()
14 SYSTEMPATH/Commands/Server/rewrite.php(47): require_once('/var/www/html/ITC-311-ACTIVITY-2/public/index.php')
CRITICAL - 2023-09-24 11:08:08 --> Call to a member function isValid() on null
in APPPATH/Controllers/MusicController.php on line 30.
 1 SYSTEMPATH/CodeIgniter.php(919): App\Controllers\MusicController->insert()
 2 SYSTEMPATH/CodeIgniter.php(494): CodeIgniter\CodeIgniter->runController()
 3 SYSTEMPATH/CodeIgniter.php(353): CodeIgniter\CodeIgniter->handleRequest()
 4 FCPATH/index.php(79): CodeIgniter\CodeIgniter->run()
 5 SYSTEMPATH/Commands/Server/rewrite.php(47): require_once('/var/www/html/ITC-311-ACTIVITY-2/public/index.php')
CRITICAL - 2023-09-24 11:14:51 --> Call to a member function isValid() on null
in APPPATH/Controllers/MusicController.php on line 30.
 1 SYSTEMPATH/CodeIgniter.php(919): App\Controllers\MusicController->insert()
 2 SYSTEMPATH/CodeIgniter.php(494): CodeIgniter\CodeIgniter->runController()
 3 SYSTEMPATH/CodeIgniter.php(353): CodeIgniter\CodeIgniter->handleRequest()
 4 FCPATH/index.php(79): CodeIgniter\CodeIgniter->run()
 5 SYSTEMPATH/Commands/Server/rewrite.php(47): require_once('/var/www/html/ITC-311-ACTIVITY-2/public/index.php')
CRITICAL - 2023-09-24 11:31:25 --> syntax error, unexpected token "/"
in APPPATH/Controllers/MusicController.php on line 29.
 1 SYSTEMPATH/Autoloader/Autoloader.php(285): CodeIgniter\Autoloader\Autoloader->includeFile()
 2 SYSTEMPATH/Autoloader/Autoloader.php(263): CodeIgniter\Autoloader\Autoloader->loadInNamespace()
 3 [internal function]: CodeIgniter\Autoloader\Autoloader->loadClass()
 4 SYSTEMPATH/CodeIgniter.php(877): class_exists()
 5 SYSTEMPATH/CodeIgniter.php(481): CodeIgniter\CodeIgniter->startController()
 6 SYSTEMPATH/CodeIgniter.php(353): CodeIgniter\CodeIgniter->handleRequest()
 7 FCPATH/index.php(79): CodeIgniter\CodeIgniter->run()
 8 SYSTEMPATH/Commands/Server/rewrite.php(47): require_once('/var/www/html/ITC-311-ACTIVITY-2/public/index.php')
CRITICAL - 2023-09-24 11:31:41 --> syntax error, unexpected token "var"
in APPPATH/Controllers/MusicController.php on line 29.
 1 SYSTEMPATH/Autoloader/Autoloader.php(285): CodeIgniter\Autoloader\Autoloader->includeFile()
 2 SYSTEMPATH/Autoloader/Autoloader.php(263): CodeIgniter\Autoloader\Autoloader->loadInNamespace()
 3 [internal function]: CodeIgniter\Autoloader\Autoloader->loadClass()
 4 SYSTEMPATH/CodeIgniter.php(877): class_exists()
 5 SYSTEMPATH/CodeIgniter.php(481): CodeIgniter\CodeIgniter->startController()
 6 SYSTEMPATH/CodeIgniter.php(353): CodeIgniter\CodeIgniter->handleRequest()
 7 FCPATH/index.php(79): CodeIgniter\CodeIgniter->run()
 8 SYSTEMPATH/Commands/Server/rewrite.php(47): require_once('/var/www/html/ITC-311-ACTIVITY-2/public/index.php')
CRITICAL - 2023-09-24 11:31:43 --> syntax error, unexpected token "var"
in APPPATH/Controllers/MusicController.php on line 29.
 1 SYSTEMPATH/Autoloader/Autoloader.php(285): CodeIgniter\Autoloader\Autoloader->includeFile()
 2 SYSTEMPATH/Autoloader/Autoloader.php(263): CodeIgniter\Autoloader\Autoloader->loadInNamespace()
 3 [internal function]: CodeIgniter\Autoloader\Autoloader->loadClass()
 4 SYSTEMPATH/CodeIgniter.php(877): class_exists()
 5 SYSTEMPATH/CodeIgniter.php(481): CodeIgniter\CodeIgniter->startController()
 6 SYSTEMPATH/CodeIgniter.php(353): CodeIgniter\CodeIgniter->handleRequest()
 7 FCPATH/index.php(79): CodeIgniter\CodeIgniter->run()
 8 SYSTEMPATH/Commands/Server/rewrite.php(47): require_once('/var/www/html/ITC-311-ACTIVITY-2/public/index.php')
CRITICAL - 2023-09-24 11:31:50 --> syntax error, unexpected token "."
in APPPATH/Controllers/MusicController.php on line 29.
 1 SYSTEMPATH/Autoloader/Autoloader.php(285): CodeIgniter\Autoloader\Autoloader->includeFile()
 2 SYSTEMPATH/Autoloader/Autoloader.php(263): CodeIgniter\Autoloader\Autoloader->loadInNamespace()
 3 [internal function]: CodeIgniter\Autoloader\Autoloader->loadClass()
 4 SYSTEMPATH/CodeIgniter.php(877): class_exists()
 5 SYSTEMPATH/CodeIgniter.php(481): CodeIgniter\CodeIgniter->startController()
 6 SYSTEMPATH/CodeIgniter.php(353): CodeIgniter\CodeIgniter->handleRequest()
 7 FCPATH/index.php(79): CodeIgniter\CodeIgniter->run()
 8 SYSTEMPATH/Commands/Server/rewrite.php(47): require_once('/var/www/html/ITC-311-ACTIVITY-2/public/index.php')
CRITICAL - 2023-09-24 11:34:06 --> Call to a member function isValid() on null
in APPPATH/Controllers/MusicController.php on line 30.
 1 SYSTEMPATH/CodeIgniter.php(919): App\Controllers\MusicController->insert()
 2 SYSTEMPATH/CodeIgniter.php(494): CodeIgniter\CodeIgniter->runController()
 3 SYSTEMPATH/CodeIgniter.php(353): CodeIgniter\CodeIgniter->handleRequest()
 4 FCPATH/index.php(79): CodeIgniter\CodeIgniter->run()
 5 SYSTEMPATH/Commands/Server/rewrite.php(47): require_once('/var/www/html/ITC-311-ACTIVITY-2/public/index.php')
CRITICAL - 2023-09-24 11:34:38 --> Call to a member function isValid() on null
in APPPATH/Controllers/MusicController.php on line 30.
 1 SYSTEMPATH/CodeIgniter.php(919): App\Controllers\MusicController->insert()
 2 SYSTEMPATH/CodeIgniter.php(494): CodeIgniter\CodeIgniter->runController()
 3 SYSTEMPATH/CodeIgniter.php(353): CodeIgniter\CodeIgniter->handleRequest()
 4 FCPATH/index.php(79): CodeIgniter\CodeIgniter->run()
 5 SYSTEMPATH/Commands/Server/rewrite.php(47): require_once('/var/www/html/ITC-311-ACTIVITY-2/public/index.php')
CRITICAL - 2023-09-24 11:34:45 --> Call to a member function isValid() on null
in APPPATH/Controllers/MusicController.php on line 30.
 1 SYSTEMPATH/CodeIgniter.php(919): App\Controllers\MusicController->insert()
 2 SYSTEMPATH/CodeIgniter.php(494): CodeIgniter\CodeIgniter->runController()
 3 SYSTEMPATH/CodeIgniter.php(353): CodeIgniter\CodeIgniter->handleRequest()
 4 FCPATH/index.php(79): CodeIgniter\CodeIgniter->run()
 5 SYSTEMPATH/Commands/Server/rewrite.php(47): require_once('/var/www/html/ITC-311-ACTIVITY-2/public/index.php')
CRITICAL - 2023-09-24 11:56:18 --> Call to a member function getTemporaryPath() on null
in APPPATH/Controllers/MusicController.php on line 23.
 1 SYSTEMPATH/CodeIgniter.php(919): App\Controllers\MusicController->insert()
 2 SYSTEMPATH/CodeIgniter.php(494): CodeIgniter\CodeIgniter->runController()
 3 SYSTEMPATH/CodeIgniter.php(353): CodeIgniter\CodeIgniter->handleRequest()
 4 FCPATH/index.php(79): CodeIgniter\CodeIgniter->run()
 5 SYSTEMPATH/Commands/Server/rewrite.php(47): require_once('/var/www/html/ITC-311-ACTIVITY-2/public/index.php')
CRITICAL - 2023-09-24 11:57:36 --> Call to a member function getTemporaryPath() on null
in APPPATH/Controllers/MusicController.php on line 23.
 1 SYSTEMPATH/CodeIgniter.php(919): App\Controllers\MusicController->insert()
 2 SYSTEMPATH/CodeIgniter.php(494): CodeIgniter\CodeIgniter->runController()
 3 SYSTEMPATH/CodeIgniter.php(353): CodeIgniter\CodeIgniter->handleRequest()
 4 FCPATH/index.php(79): CodeIgniter\CodeIgniter->run()
 5 SYSTEMPATH/Commands/Server/rewrite.php(47): require_once('/var/www/html/ITC-311-ACTIVITY-2/public/index.php')
CRITICAL - 2023-09-24 11:57:39 --> Call to a member function getTemporaryPath() on null
in APPPATH/Controllers/MusicController.php on line 23.
 1 SYSTEMPATH/CodeIgniter.php(919): App\Controllers\MusicController->insert()
 2 SYSTEMPATH/CodeIgniter.php(494): CodeIgniter\CodeIgniter->runController()
 3 SYSTEMPATH/CodeIgniter.php(353): CodeIgniter\CodeIgniter->handleRequest()
 4 FCPATH/index.php(79): CodeIgniter\CodeIgniter->run()
 5 SYSTEMPATH/Commands/Server/rewrite.php(47): require_once('/var/www/html/ITC-311-ACTIVITY-2/public/index.php')
CRITICAL - 2023-09-24 11:58:06 --> Call to a member function getTemporaryPath() on null
in APPPATH/Controllers/MusicController.php on line 23.
 1 SYSTEMPATH/CodeIgniter.php(919): App\Controllers\MusicController->insert()
 2 SYSTEMPATH/CodeIgniter.php(494): CodeIgniter\CodeIgniter->runController()
 3 SYSTEMPATH/CodeIgniter.php(353): CodeIgniter\CodeIgniter->handleRequest()
 4 FCPATH/index.php(79): CodeIgniter\CodeIgniter->run()
 5 SYSTEMPATH/Commands/Server/rewrite.php(47): require_once('/var/www/html/ITC-311-ACTIVITY-2/public/index.php')
CRITICAL - 2023-09-24 12:01:54 --> Call to a member function isValid() on null
in APPPATH/Controllers/MusicController.php on line 23.
 1 SYSTEMPATH/CodeIgniter.php(919): App\Controllers\MusicController->insert()
 2 SYSTEMPATH/CodeIgniter.php(494): CodeIgniter\CodeIgniter->runController()
 3 SYSTEMPATH/CodeIgniter.php(353): CodeIgniter\CodeIgniter->handleRequest()
 4 FCPATH/index.php(79): CodeIgniter\CodeIgniter->run()
 5 SYSTEMPATH/Commands/Server/rewrite.php(47): require_once('/var/www/html/ITC-311-ACTIVITY-2/public/index.php')
CRITICAL - 2023-09-24 12:22:19 --> Undefined property: App\Controllers\MusicController::$validation
in APPPATH/Controllers/MusicController.php on line 24.
 1 APPPATH/Controllers/MusicController.php(24): CodeIgniter\Debug\Exceptions->errorHandler()
 2 SYSTEMPATH/CodeIgniter.php(919): App\Controllers\MusicController->insert()
 3 SYSTEMPATH/CodeIgniter.php(494): CodeIgniter\CodeIgniter->runController()
 4 SYSTEMPATH/CodeIgniter.php(353): CodeIgniter\CodeIgniter->handleRequest()
 5 FCPATH/index.php(79): CodeIgniter\CodeIgniter->run()
 6 SYSTEMPATH/Commands/Server/rewrite.php(47): require_once('/var/www/html/ITC-311-ACTIVITY-2/public/index.php')
CRITICAL - 2023-09-24 12:22:34 --> Undefined property: App\Controllers\MusicController::$validation
in APPPATH/Controllers/MusicController.php on line 24.
 1 APPPATH/Controllers/MusicController.php(24): CodeIgniter\Debug\Exceptions->errorHandler()
 2 SYSTEMPATH/CodeIgniter.php(919): App\Controllers\MusicController->insert()
 3 SYSTEMPATH/CodeIgniter.php(494): CodeIgniter\CodeIgniter->runController()
 4 SYSTEMPATH/CodeIgniter.php(353): CodeIgniter\CodeIgniter->handleRequest()
 5 FCPATH/index.php(79): CodeIgniter\CodeIgniter->run()
 6 SYSTEMPATH/Commands/Server/rewrite.php(47): require_once('/var/www/html/ITC-311-ACTIVITY-2/public/index.php')
