CRITICAL - 2023-10-02 08:10:57 --> syntax error, unexpected token "else", expecting "function" or "const"
in APPPATH/Controllers/MusicController.php on line 41.
 1 SYSTEMPATH/Autoloader/Autoloader.php(285): CodeIgniter\Autoloader\Autoloader->includeFile()
 2 SYSTEMPATH/Autoloader/Autoloader.php(263): CodeIgniter\Autoloader\Autoloader->loadInNamespace()
 3 [internal function]: CodeIgniter\Autoloader\Autoloader->loadClass()
 4 SYSTEMPATH/CodeIgniter.php(877): class_exists()
 5 SYSTEMPATH/CodeIgniter.php(481): CodeIgniter\CodeIgniter->startController()
 6 SYSTEMPATH/CodeIgniter.php(353): CodeIgniter\CodeIgniter->handleRequest()
 7 FCPATH/index.php(79): CodeIgniter\CodeIgniter->run()
 8 SYSTEMPATH/Commands/Server/rewrite.php(47): require_once('/var/www/html/ITC-311-ACTIVITY-2/public/index.php')
CRITICAL - 2023-10-02 08:11:10 --> syntax error, unexpected token "else", expecting "function" or "const"
in APPPATH/Controllers/MusicController.php on line 41.
 1 SYSTEMPATH/Autoloader/Autoloader.php(285): CodeIgniter\Autoloader\Autoloader->includeFile()
 2 SYSTEMPATH/Autoloader/Autoloader.php(263): CodeIgniter\Autoloader\Autoloader->loadInNamespace()
 3 [internal function]: CodeIgniter\Autoloader\Autoloader->loadClass()
 4 SYSTEMPATH/CodeIgniter.php(877): class_exists()
 5 SYSTEMPATH/CodeIgniter.php(481): CodeIgniter\CodeIgniter->startController()
 6 SYSTEMPATH/CodeIgniter.php(353): CodeIgniter\CodeIgniter->handleRequest()
 7 FCPATH/index.php(79): CodeIgniter\CodeIgniter->run()
 8 SYSTEMPATH/Commands/Server/rewrite.php(47): require_once('/var/www/html/ITC-311-ACTIVITY-2/public/index.php')
CRITICAL - 2023-10-02 08:11:36 --> Undefined property: App\Controllers\MusicController::$prod
in APPPATH/Controllers/MusicController.php on line 36.
 1 APPPATH/Controllers/MusicController.php(36): CodeIgniter\Debug\Exceptions->errorHandler()
 2 SYSTEMPATH/CodeIgniter.php(919): App\Controllers\MusicController->insert()
 3 SYSTEMPATH/CodeIgniter.php(494): CodeIgniter\CodeIgniter->runController()
 4 SYSTEMPATH/CodeIgniter.php(353): CodeIgniter\CodeIgniter->handleRequest()
 5 FCPATH/index.php(79): CodeIgniter\CodeIgniter->run()
 6 SYSTEMPATH/Commands/Server/rewrite.php(47): require_once('/var/www/html/ITC-311-ACTIVITY-2/public/index.php')
CRITICAL - 2023-10-02 08:41:44 --> Call to a member function isValid() on null
in APPPATH/Controllers/MusicController.php on line 26.
 1 SYSTEMPATH/CodeIgniter.php(919): App\Controllers\MusicController->insert()
 2 SYSTEMPATH/CodeIgniter.php(494): CodeIgniter\CodeIgniter->runController()
 3 SYSTEMPATH/CodeIgniter.php(353): CodeIgniter\CodeIgniter->handleRequest()
 4 FCPATH/index.php(79): CodeIgniter\CodeIgniter->run()
 5 SYSTEMPATH/Commands/Server/rewrite.php(47): require_once('/var/www/html/ITC-311-ACTIVITY-2/public/index.php')
CRITICAL - 2023-10-02 08:41:57 --> Call to a member function isValid() on null
in APPPATH/Controllers/MusicController.php on line 26.
 1 SYSTEMPATH/CodeIgniter.php(919): App\Controllers\MusicController->insert()
 2 SYSTEMPATH/CodeIgniter.php(494): CodeIgniter\CodeIgniter->runController()
 3 SYSTEMPATH/CodeIgniter.php(353): CodeIgniter\CodeIgniter->handleRequest()
 4 FCPATH/index.php(79): CodeIgniter\CodeIgniter->run()
 5 SYSTEMPATH/Commands/Server/rewrite.php(47): require_once('/var/www/html/ITC-311-ACTIVITY-2/public/index.php')
CRITICAL - 2023-10-02 08:42:08 --> Call to a member function isValid() on null
in APPPATH/Controllers/MusicController.php on line 26.
 1 SYSTEMPATH/CodeIgniter.php(919): App\Controllers\MusicController->insert()
 2 SYSTEMPATH/CodeIgniter.php(494): CodeIgniter\CodeIgniter->runController()
 3 SYSTEMPATH/CodeIgniter.php(353): CodeIgniter\CodeIgniter->handleRequest()
 4 FCPATH/index.php(79): CodeIgniter\CodeIgniter->run()
 5 SYSTEMPATH/Commands/Server/rewrite.php(47): require_once('/var/www/html/ITC-311-ACTIVITY-2/public/index.php')
CRITICAL - 2023-10-02 08:44:00 --> Call to a member function isValid() on null
in APPPATH/Controllers/MusicController.php on line 26.
 1 SYSTEMPATH/CodeIgniter.php(919): App\Controllers\MusicController->insert()
 2 SYSTEMPATH/CodeIgniter.php(494): CodeIgniter\CodeIgniter->runController()
 3 SYSTEMPATH/CodeIgniter.php(353): CodeIgniter\CodeIgniter->handleRequest()
 4 FCPATH/index.php(79): CodeIgniter\CodeIgniter->run()
 5 SYSTEMPATH/Commands/Server/rewrite.php(47): require_once('/var/www/html/ITC-311-ACTIVITY-2/public/index.php')
CRITICAL - 2023-10-02 08:44:11 --> Call to a member function isValid() on null
in APPPATH/Controllers/MusicController.php on line 26.
 1 SYSTEMPATH/CodeIgniter.php(919): App\Controllers\MusicController->insert()
 2 SYSTEMPATH/CodeIgniter.php(494): CodeIgniter\CodeIgniter->runController()
 3 SYSTEMPATH/CodeIgniter.php(353): CodeIgniter\CodeIgniter->handleRequest()
 4 FCPATH/index.php(79): CodeIgniter\CodeIgniter->run()
 5 SYSTEMPATH/Commands/Server/rewrite.php(47): require_once('/var/www/html/ITC-311-ACTIVITY-2/public/index.php')
CRITICAL - 2023-10-02 08:44:57 --> Call to a member function move() on null
in APPPATH/Controllers/MusicController.php on line 26.
 1 SYSTEMPATH/CodeIgniter.php(919): App\Controllers\MusicController->insert()
 2 SYSTEMPATH/CodeIgniter.php(494): CodeIgniter\CodeIgniter->runController()
 3 SYSTEMPATH/CodeIgniter.php(353): CodeIgniter\CodeIgniter->handleRequest()
 4 FCPATH/index.php(79): CodeIgniter\CodeIgniter->run()
 5 SYSTEMPATH/Commands/Server/rewrite.php(47): require_once('/var/www/html/ITC-311-ACTIVITY-2/public/index.php')
CRITICAL - 2023-10-02 08:49:41 --> Call to a member function isValid() on null
in APPPATH/Controllers/MusicController.php on line 26.
 1 SYSTEMPATH/CodeIgniter.php(919): App\Controllers\MusicController->insert()
 2 SYSTEMPATH/CodeIgniter.php(494): CodeIgniter\CodeIgniter->runController()
 3 SYSTEMPATH/CodeIgniter.php(353): CodeIgniter\CodeIgniter->handleRequest()
 4 FCPATH/index.php(79): CodeIgniter\CodeIgniter->run()
 5 SYSTEMPATH/Commands/Server/rewrite.php(47): require_once('/var/www/html/ITC-311-ACTIVITY-2/public/index.php')
CRITICAL - 2023-10-02 09:21:49 --> Class "App\Models\MusicList" not found
in APPPATH/Controllers/MusicController.php on line 15.
 1 SYSTEMPATH/CodeIgniter.php(891): App\Controllers\MusicController->__construct()
 2 SYSTEMPATH/CodeIgniter.php(485): CodeIgniter\CodeIgniter->createController()
 3 SYSTEMPATH/CodeIgniter.php(353): CodeIgniter\CodeIgniter->handleRequest()
 4 FCPATH/index.php(79): CodeIgniter\CodeIgniter->run()
 5 SYSTEMPATH/Commands/Server/rewrite.php(47): require_once('/var/www/html/ITC-311-ACTIVITY-2/public/index.php')
CRITICAL - 2023-10-02 09:21:50 --> Class "App\Models\MusicList" not found
in APPPATH/Controllers/MusicController.php on line 15.
 1 SYSTEMPATH/CodeIgniter.php(891): App\Controllers\MusicController->__construct()
 2 SYSTEMPATH/CodeIgniter.php(485): CodeIgniter\CodeIgniter->createController()
 3 SYSTEMPATH/CodeIgniter.php(353): CodeIgniter\CodeIgniter->handleRequest()
 4 FCPATH/index.php(79): CodeIgniter\CodeIgniter->run()
 5 SYSTEMPATH/Commands/Server/rewrite.php(47): require_once('/var/www/html/ITC-311-ACTIVITY-2/public/index.php')
CRITICAL - 2023-10-02 09:22:18 --> Class "App\Models\MusicList" not found
in APPPATH/Controllers/MusicController.php on line 15.
 1 SYSTEMPATH/CodeIgniter.php(891): App\Controllers\MusicController->__construct()
 2 SYSTEMPATH/CodeIgniter.php(485): CodeIgniter\CodeIgniter->createController()
 3 SYSTEMPATH/CodeIgniter.php(353): CodeIgniter\CodeIgniter->handleRequest()
 4 FCPATH/index.php(79): CodeIgniter\CodeIgniter->run()
 5 SYSTEMPATH/Commands/Server/rewrite.php(47): require_once('/var/www/html/ITC-311-ACTIVITY-2/public/index.php')
CRITICAL - 2023-10-02 09:28:57 --> Undefined variable $playL
in APPPATH/Views/Musicz/body.php on line 25.
 1 APPPATH/Views/Musicz/body.php(25): CodeIgniter\Debug\Exceptions->errorHandler()
 2 SYSTEMPATH/View/View.php(226): include('/var/www/html/ITC-311-ACTIVITY-2/app/Views/Musicz/body.php')
 3 SYSTEMPATH/View/View.php(229): CodeIgniter\View\View->CodeIgniter\View\{closure}()
 4 SYSTEMPATH/View/View.php(467): CodeIgniter\View\View->render()
 5 APPPATH/Views/welcome_message.php(2): CodeIgniter\View\View->include()
 6 SYSTEMPATH/View/View.php(226): include('/var/www/html/ITC-311-ACTIVITY-2/app/Views/welcome_message.php')
 7 SYSTEMPATH/View/View.php(229): CodeIgniter\View\View->CodeIgniter\View\{closure}()
 8 SYSTEMPATH/Common.php(1188): CodeIgniter\View\View->render()
 9 APPPATH/Controllers/MusicController.php(70): view()
10 SYSTEMPATH/CodeIgniter.php(919): App\Controllers\MusicController->home()
11 SYSTEMPATH/CodeIgniter.php(494): CodeIgniter\CodeIgniter->runController()
12 SYSTEMPATH/CodeIgniter.php(353): CodeIgniter\CodeIgniter->handleRequest()
13 FCPATH/index.php(79): CodeIgniter\CodeIgniter->run()
14 SYSTEMPATH/Commands/Server/rewrite.php(47): require_once('/var/www/html/ITC-311-ACTIVITY-2/public/index.php')
CRITICAL - 2023-10-02 09:53:14 --> Undefined variable $playL
in APPPATH/Views/Musicz/body.php on line 55.
 1 APPPATH/Views/Musicz/body.php(55): CodeIgniter\Debug\Exceptions->errorHandler()
 2 SYSTEMPATH/View/View.php(226): include('/var/www/html/ITC-311-ACTIVITY-2/app/Views/Musicz/body.php')
 3 SYSTEMPATH/View/View.php(229): CodeIgniter\View\View->CodeIgniter\View\{closure}()
 4 SYSTEMPATH/View/View.php(467): CodeIgniter\View\View->render()
 5 APPPATH/Views/welcome_message.php(2): CodeIgniter\View\View->include()
 6 SYSTEMPATH/View/View.php(226): include('/var/www/html/ITC-311-ACTIVITY-2/app/Views/welcome_message.php')
 7 SYSTEMPATH/View/View.php(229): CodeIgniter\View\View->CodeIgniter\View\{closure}()
 8 SYSTEMPATH/Common.php(1188): CodeIgniter\View\View->render()
 9 APPPATH/Controllers/MusicController.php(70): view()
10 SYSTEMPATH/CodeIgniter.php(919): App\Controllers\MusicController->home()
11 SYSTEMPATH/CodeIgniter.php(494): CodeIgniter\CodeIgniter->runController()
12 SYSTEMPATH/CodeIgniter.php(353): CodeIgniter\CodeIgniter->handleRequest()
13 FCPATH/index.php(79): CodeIgniter\CodeIgniter->run()
14 SYSTEMPATH/Commands/Server/rewrite.php(47): require_once('/var/www/html/ITC-311-ACTIVITY-2/public/index.php')
CRITICAL - 2023-10-02 09:53:18 --> Undefined variable $playL
in APPPATH/Views/Musicz/body.php on line 55.
 1 APPPATH/Views/Musicz/body.php(55): CodeIgniter\Debug\Exceptions->errorHandler()
 2 SYSTEMPATH/View/View.php(226): include('/var/www/html/ITC-311-ACTIVITY-2/app/Views/Musicz/body.php')
 3 SYSTEMPATH/View/View.php(229): CodeIgniter\View\View->CodeIgniter\View\{closure}()
 4 SYSTEMPATH/View/View.php(467): CodeIgniter\View\View->render()
 5 APPPATH/Views/welcome_message.php(2): CodeIgniter\View\View->include()
 6 SYSTEMPATH/View/View.php(226): include('/var/www/html/ITC-311-ACTIVITY-2/app/Views/welcome_message.php')
 7 SYSTEMPATH/View/View.php(229): CodeIgniter\View\View->CodeIgniter\View\{closure}()
 8 SYSTEMPATH/Common.php(1188): CodeIgniter\View\View->render()
 9 APPPATH/Controllers/MusicController.php(70): view()
10 SYSTEMPATH/CodeIgniter.php(919): App\Controllers\MusicController->home()
11 SYSTEMPATH/CodeIgniter.php(494): CodeIgniter\CodeIgniter->runController()
12 SYSTEMPATH/CodeIgniter.php(353): CodeIgniter\CodeIgniter->handleRequest()
13 FCPATH/index.php(79): CodeIgniter\CodeIgniter->run()
14 SYSTEMPATH/Commands/Server/rewrite.php(47): require_once('/var/www/html/ITC-311-ACTIVITY-2/public/index.php')
CRITICAL - 2023-10-02 09:53:22 --> Undefined variable $playL
in APPPATH/Views/Musicz/body.php on line 55.
 1 APPPATH/Views/Musicz/body.php(55): CodeIgniter\Debug\Exceptions->errorHandler()
 2 SYSTEMPATH/View/View.php(226): include('/var/www/html/ITC-311-ACTIVITY-2/app/Views/Musicz/body.php')
 3 SYSTEMPATH/View/View.php(229): CodeIgniter\View\View->CodeIgniter\View\{closure}()
 4 SYSTEMPATH/View/View.php(467): CodeIgniter\View\View->render()
 5 APPPATH/Views/welcome_message.php(2): CodeIgniter\View\View->include()
 6 SYSTEMPATH/View/View.php(226): include('/var/www/html/ITC-311-ACTIVITY-2/app/Views/welcome_message.php')
 7 SYSTEMPATH/View/View.php(229): CodeIgniter\View\View->CodeIgniter\View\{closure}()
 8 SYSTEMPATH/Common.php(1188): CodeIgniter\View\View->render()
 9 APPPATH/Controllers/MusicController.php(70): view()
10 SYSTEMPATH/CodeIgniter.php(919): App\Controllers\MusicController->home()
11 SYSTEMPATH/CodeIgniter.php(494): CodeIgniter\CodeIgniter->runController()
12 SYSTEMPATH/CodeIgniter.php(353): CodeIgniter\CodeIgniter->handleRequest()
13 FCPATH/index.php(79): CodeIgniter\CodeIgniter->run()
14 SYSTEMPATH/Commands/Server/rewrite.php(47): require_once('/var/www/html/ITC-311-ACTIVITY-2/public/index.php')
CRITICAL - 2023-10-02 10:02:15 --> Undefined array key "playslist"
in APPPATH/Views/Musicz/body.php on line 56.
 1 APPPATH/Views/Musicz/body.php(56): CodeIgniter\Debug\Exceptions->errorHandler()
 2 SYSTEMPATH/View/View.php(226): include('/var/www/html/ITC-311-ACTIVITY-2/app/Views/Musicz/body.php')
 3 SYSTEMPATH/View/View.php(229): CodeIgniter\View\View->CodeIgniter\View\{closure}()
 4 SYSTEMPATH/View/View.php(467): CodeIgniter\View\View->render()
 5 APPPATH/Views/welcome_message.php(2): CodeIgniter\View\View->include()
 6 SYSTEMPATH/View/View.php(226): include('/var/www/html/ITC-311-ACTIVITY-2/app/Views/welcome_message.php')
 7 SYSTEMPATH/View/View.php(229): CodeIgniter\View\View->CodeIgniter\View\{closure}()
 8 SYSTEMPATH/Common.php(1188): CodeIgniter\View\View->render()
 9 APPPATH/Controllers/MusicController.php(71): view()
10 SYSTEMPATH/CodeIgniter.php(919): App\Controllers\MusicController->home()
11 SYSTEMPATH/CodeIgniter.php(494): CodeIgniter\CodeIgniter->runController()
12 SYSTEMPATH/CodeIgniter.php(353): CodeIgniter\CodeIgniter->handleRequest()
13 FCPATH/index.php(79): CodeIgniter\CodeIgniter->run()
14 SYSTEMPATH/Commands/Server/rewrite.php(47): require_once('/var/www/html/ITC-311-ACTIVITY-2/public/index.php')
CRITICAL - 2023-10-02 10:02:16 --> Undefined array key "playslist"
in APPPATH/Views/Musicz/body.php on line 56.
 1 APPPATH/Views/Musicz/body.php(56): CodeIgniter\Debug\Exceptions->errorHandler()
 2 SYSTEMPATH/View/View.php(226): include('/var/www/html/ITC-311-ACTIVITY-2/app/Views/Musicz/body.php')
 3 SYSTEMPATH/View/View.php(229): CodeIgniter\View\View->CodeIgniter\View\{closure}()
 4 SYSTEMPATH/View/View.php(467): CodeIgniter\View\View->render()
 5 APPPATH/Views/welcome_message.php(2): CodeIgniter\View\View->include()
 6 SYSTEMPATH/View/View.php(226): include('/var/www/html/ITC-311-ACTIVITY-2/app/Views/welcome_message.php')
 7 SYSTEMPATH/View/View.php(229): CodeIgniter\View\View->CodeIgniter\View\{closure}()
 8 SYSTEMPATH/Common.php(1188): CodeIgniter\View\View->render()
 9 APPPATH/Controllers/MusicController.php(71): view()
10 SYSTEMPATH/CodeIgniter.php(919): App\Controllers\MusicController->home()
11 SYSTEMPATH/CodeIgniter.php(494): CodeIgniter\CodeIgniter->runController()
12 SYSTEMPATH/CodeIgniter.php(353): CodeIgniter\CodeIgniter->handleRequest()
13 FCPATH/index.php(79): CodeIgniter\CodeIgniter->run()
14 SYSTEMPATH/Commands/Server/rewrite.php(47): require_once('/var/www/html/ITC-311-ACTIVITY-2/public/index.php')
CRITICAL - 2023-10-02 10:06:06 --> Undefined variable $selectedPlaylist
in APPPATH/Views/Musicz/body.php on line 133.
 1 APPPATH/Views/Musicz/body.php(133): CodeIgniter\Debug\Exceptions->errorHandler()
 2 SYSTEMPATH/View/View.php(226): include('/var/www/html/ITC-311-ACTIVITY-2/app/Views/Musicz/body.php')
 3 SYSTEMPATH/View/View.php(229): CodeIgniter\View\View->CodeIgniter\View\{closure}()
 4 SYSTEMPATH/View/View.php(467): CodeIgniter\View\View->render()
 5 APPPATH/Views/welcome_message.php(2): CodeIgniter\View\View->include()
 6 SYSTEMPATH/View/View.php(226): include('/var/www/html/ITC-311-ACTIVITY-2/app/Views/welcome_message.php')
 7 SYSTEMPATH/View/View.php(229): CodeIgniter\View\View->CodeIgniter\View\{closure}()
 8 SYSTEMPATH/Common.php(1188): CodeIgniter\View\View->render()
 9 APPPATH/Controllers/MusicController.php(71): view()
10 SYSTEMPATH/CodeIgniter.php(919): App\Controllers\MusicController->home()
11 SYSTEMPATH/CodeIgniter.php(494): CodeIgniter\CodeIgniter->runController()
12 SYSTEMPATH/CodeIgniter.php(353): CodeIgniter\CodeIgniter->handleRequest()
13 FCPATH/index.php(79): CodeIgniter\CodeIgniter->run()
14 SYSTEMPATH/Commands/Server/rewrite.php(47): require_once('/var/www/html/ITC-311-ACTIVITY-2/public/index.php')
CRITICAL - 2023-10-02 10:06:17 --> Undefined variable $selectedPlaylist
in APPPATH/Views/Musicz/body.php on line 133.
 1 APPPATH/Views/Musicz/body.php(133): CodeIgniter\Debug\Exceptions->errorHandler()
 2 SYSTEMPATH/View/View.php(226): include('/var/www/html/ITC-311-ACTIVITY-2/app/Views/Musicz/body.php')
 3 SYSTEMPATH/View/View.php(229): CodeIgniter\View\View->CodeIgniter\View\{closure}()
 4 SYSTEMPATH/View/View.php(467): CodeIgniter\View\View->render()
 5 APPPATH/Views/welcome_message.php(2): CodeIgniter\View\View->include()
 6 SYSTEMPATH/View/View.php(226): include('/var/www/html/ITC-311-ACTIVITY-2/app/Views/welcome_message.php')
 7 SYSTEMPATH/View/View.php(229): CodeIgniter\View\View->CodeIgniter\View\{closure}()
 8 SYSTEMPATH/Common.php(1188): CodeIgniter\View\View->render()
 9 APPPATH/Controllers/MusicController.php(71): view()
10 SYSTEMPATH/CodeIgniter.php(919): App\Controllers\MusicController->home()
11 SYSTEMPATH/CodeIgniter.php(494): CodeIgniter\CodeIgniter->runController()
12 SYSTEMPATH/CodeIgniter.php(353): CodeIgniter\CodeIgniter->handleRequest()
13 FCPATH/index.php(79): CodeIgniter\CodeIgniter->run()
14 SYSTEMPATH/Commands/Server/rewrite.php(47): require_once('/var/www/html/ITC-311-ACTIVITY-2/public/index.php')
CRITICAL - 2023-10-02 10:16:51 --> Undefined variable $selectedPlaylist
in APPPATH/Views/Musicz/body.php on line 132.
 1 APPPATH/Views/Musicz/body.php(132): CodeIgniter\Debug\Exceptions->errorHandler()
 2 SYSTEMPATH/View/View.php(226): include('/var/www/html/ITC-311-ACTIVITY-2/app/Views/Musicz/body.php')
 3 SYSTEMPATH/View/View.php(229): CodeIgniter\View\View->CodeIgniter\View\{closure}()
 4 SYSTEMPATH/View/View.php(467): CodeIgniter\View\View->render()
 5 APPPATH/Views/welcome_message.php(2): CodeIgniter\View\View->include()
 6 SYSTEMPATH/View/View.php(226): include('/var/www/html/ITC-311-ACTIVITY-2/app/Views/welcome_message.php')
 7 SYSTEMPATH/View/View.php(229): CodeIgniter\View\View->CodeIgniter\View\{closure}()
 8 SYSTEMPATH/Common.php(1188): CodeIgniter\View\View->render()
 9 APPPATH/Controllers/MusicController.php(71): view()
10 SYSTEMPATH/CodeIgniter.php(919): App\Controllers\MusicController->home()
11 SYSTEMPATH/CodeIgniter.php(494): CodeIgniter\CodeIgniter->runController()
12 SYSTEMPATH/CodeIgniter.php(353): CodeIgniter\CodeIgniter->handleRequest()
13 FCPATH/index.php(79): CodeIgniter\CodeIgniter->run()
14 SYSTEMPATH/Commands/Server/rewrite.php(47): require_once('/var/www/html/ITC-311-ACTIVITY-2/public/index.php')
CRITICAL - 2023-10-02 13:00:42 --> Undefined array key "playlist"
in APPPATH/Views/Musicz/body.php on line 57.
 1 APPPATH/Views/Musicz/body.php(57): CodeIgniter\Debug\Exceptions->errorHandler()
 2 SYSTEMPATH/View/View.php(226): include('/var/www/html/ITC-311-ACTIVITY-2/app/Views/Musicz/body.php')
 3 SYSTEMPATH/View/View.php(229): CodeIgniter\View\View->CodeIgniter\View\{closure}()
 4 SYSTEMPATH/View/View.php(467): CodeIgniter\View\View->render()
 5 APPPATH/Views/welcome_message.php(2): CodeIgniter\View\View->include()
 6 SYSTEMPATH/View/View.php(226): include('/var/www/html/ITC-311-ACTIVITY-2/app/Views/welcome_message.php')
 7 SYSTEMPATH/View/View.php(229): CodeIgniter\View\View->CodeIgniter\View\{closure}()
 8 SYSTEMPATH/Common.php(1188): CodeIgniter\View\View->render()
 9 APPPATH/Controllers/MusicController.php(72): view()
10 SYSTEMPATH/CodeIgniter.php(919): App\Controllers\MusicController->home()
11 SYSTEMPATH/CodeIgniter.php(494): CodeIgniter\CodeIgniter->runController()
12 SYSTEMPATH/CodeIgniter.php(353): CodeIgniter\CodeIgniter->handleRequest()
13 FCPATH/index.php(79): CodeIgniter\CodeIgniter->run()
14 SYSTEMPATH/Commands/Server/rewrite.php(47): require_once('/var/www/html/ITC-311-ACTIVITY-2/public/index.php')
CRITICAL - 2023-10-02 13:00:53 --> Undefined array key "playlist"
in APPPATH/Views/Musicz/body.php on line 57.
 1 APPPATH/Views/Musicz/body.php(57): CodeIgniter\Debug\Exceptions->errorHandler()
 2 SYSTEMPATH/View/View.php(226): include('/var/www/html/ITC-311-ACTIVITY-2/app/Views/Musicz/body.php')
 3 SYSTEMPATH/View/View.php(229): CodeIgniter\View\View->CodeIgniter\View\{closure}()
 4 SYSTEMPATH/View/View.php(467): CodeIgniter\View\View->render()
 5 APPPATH/Views/welcome_message.php(2): CodeIgniter\View\View->include()
 6 SYSTEMPATH/View/View.php(226): include('/var/www/html/ITC-311-ACTIVITY-2/app/Views/welcome_message.php')
 7 SYSTEMPATH/View/View.php(229): CodeIgniter\View\View->CodeIgniter\View\{closure}()
 8 SYSTEMPATH/Common.php(1188): CodeIgniter\View\View->render()
 9 APPPATH/Controllers/MusicController.php(72): view()
10 SYSTEMPATH/CodeIgniter.php(919): App\Controllers\MusicController->home()
11 SYSTEMPATH/CodeIgniter.php(494): CodeIgniter\CodeIgniter->runController()
12 SYSTEMPATH/CodeIgniter.php(353): CodeIgniter\CodeIgniter->handleRequest()
13 FCPATH/index.php(79): CodeIgniter\CodeIgniter->run()
14 SYSTEMPATH/Commands/Server/rewrite.php(47): require_once('/var/www/html/ITC-311-ACTIVITY-2/public/index.php')
CRITICAL - 2023-10-02 14:17:44 --> Undefined variable $us
in APPPATH/Views/Musicz/body.php on line 31.
 1 APPPATH/Views/Musicz/body.php(31): CodeIgniter\Debug\Exceptions->errorHandler()
 2 SYSTEMPATH/View/View.php(226): include('/var/www/html/ITC-311-ACTIVITY-2/app/Views/Musicz/body.php')
 3 SYSTEMPATH/View/View.php(229): CodeIgniter\View\View->CodeIgniter\View\{closure}()
 4 SYSTEMPATH/View/View.php(467): CodeIgniter\View\View->render()
 5 APPPATH/Views/welcome_message.php(2): CodeIgniter\View\View->include()
 6 SYSTEMPATH/View/View.php(226): include('/var/www/html/ITC-311-ACTIVITY-2/app/Views/welcome_message.php')
 7 SYSTEMPATH/View/View.php(229): CodeIgniter\View\View->CodeIgniter\View\{closure}()
 8 SYSTEMPATH/Common.php(1188): CodeIgniter\View\View->render()
 9 APPPATH/Controllers/MusicController.php(69): view()
10 SYSTEMPATH/CodeIgniter.php(919): App\Controllers\MusicController->home()
11 SYSTEMPATH/CodeIgniter.php(494): CodeIgniter\CodeIgniter->runController()
12 SYSTEMPATH/CodeIgniter.php(353): CodeIgniter\CodeIgniter->handleRequest()
13 FCPATH/index.php(79): CodeIgniter\CodeIgniter->run()
14 SYSTEMPATH/Commands/Server/rewrite.php(47): require_once('/var/www/html/ITC-311-ACTIVITY-2/public/index.php')
CRITICAL - 2023-10-02 15:13:31 --> Undefined variable $player
in APPPATH/Views/Musicz/body.php on line 26.
 1 APPPATH/Views/Musicz/body.php(26): CodeIgniter\Debug\Exceptions->errorHandler()
 2 SYSTEMPATH/View/View.php(226): include('/var/www/html/ITC-311-ACTIVITY-2/app/Views/Musicz/body.php')
 3 SYSTEMPATH/View/View.php(229): CodeIgniter\View\View->CodeIgniter\View\{closure}()
 4 SYSTEMPATH/View/View.php(467): CodeIgniter\View\View->render()
 5 APPPATH/Views/welcome_message.php(2): CodeIgniter\View\View->include()
 6 SYSTEMPATH/View/View.php(226): include('/var/www/html/ITC-311-ACTIVITY-2/app/Views/welcome_message.php')
 7 SYSTEMPATH/View/View.php(229): CodeIgniter\View\View->CodeIgniter\View\{closure}()
 8 SYSTEMPATH/Common.php(1188): CodeIgniter\View\View->render()
 9 APPPATH/Controllers/MusicController.php(82): view()
10 SYSTEMPATH/CodeIgniter.php(919): App\Controllers\MusicController->search()
11 SYSTEMPATH/CodeIgniter.php(494): CodeIgniter\CodeIgniter->runController()
12 SYSTEMPATH/CodeIgniter.php(353): CodeIgniter\CodeIgniter->handleRequest()
13 FCPATH/index.php(79): CodeIgniter\CodeIgniter->run()
14 SYSTEMPATH/Commands/Server/rewrite.php(47): require_once('/var/www/html/ITC-311-ACTIVITY-2/public/index.php')
CRITICAL - 2023-10-02 15:14:02 --> Undefined variable $player
in APPPATH/Views/Musicz/body.php on line 26.
 1 APPPATH/Views/Musicz/body.php(26): CodeIgniter\Debug\Exceptions->errorHandler()
 2 SYSTEMPATH/View/View.php(226): include('/var/www/html/ITC-311-ACTIVITY-2/app/Views/Musicz/body.php')
 3 SYSTEMPATH/View/View.php(229): CodeIgniter\View\View->CodeIgniter\View\{closure}()
 4 SYSTEMPATH/View/View.php(467): CodeIgniter\View\View->render()
 5 APPPATH/Views/welcome_message.php(2): CodeIgniter\View\View->include()
 6 SYSTEMPATH/View/View.php(226): include('/var/www/html/ITC-311-ACTIVITY-2/app/Views/welcome_message.php')
 7 SYSTEMPATH/View/View.php(229): CodeIgniter\View\View->CodeIgniter\View\{closure}()
 8 SYSTEMPATH/Common.php(1188): CodeIgniter\View\View->render()
 9 APPPATH/Controllers/MusicController.php(82): view()
10 SYSTEMPATH/CodeIgniter.php(919): App\Controllers\MusicController->search()
11 SYSTEMPATH/CodeIgniter.php(494): CodeIgniter\CodeIgniter->runController()
12 SYSTEMPATH/CodeIgniter.php(353): CodeIgniter\CodeIgniter->handleRequest()
13 FCPATH/index.php(79): CodeIgniter\CodeIgniter->run()
14 SYSTEMPATH/Commands/Server/rewrite.php(47): require_once('/var/www/html/ITC-311-ACTIVITY-2/public/index.php')
