CRITICAL - 2023-09-25 00:35:38 --> Call to a member function setPath() on null
in APPPATH/Controllers/MusicController.php on line 30.
 1 SYSTEMPATH/CodeIgniter.php(919): App\Controllers\MusicController->insert()
 2 SYSTEMPATH/CodeIgniter.php(494): CodeIgniter\CodeIgniter->runController()
 3 SYSTEMPATH/CodeIgniter.php(353): CodeIgniter\CodeIgniter->handleRequest()
 4 FCPATH/index.php(79): CodeIgniter\CodeIgniter->run()
 5 SYSTEMPATH/Commands/Server/rewrite.php(47): require_once('/var/www/html/ITC-311-ACTIVITY-2/public/index.php')
CRITICAL - 2023-09-25 00:37:55 --> Call to a member function setPath() on null
in APPPATH/Controllers/MusicController.php on line 30.
 1 SYSTEMPATH/CodeIgniter.php(919): App\Controllers\MusicController->insert()
 2 SYSTEMPATH/CodeIgniter.php(494): CodeIgniter\CodeIgniter->runController()
 3 SYSTEMPATH/CodeIgniter.php(353): CodeIgniter\CodeIgniter->handleRequest()
 4 FCPATH/index.php(79): CodeIgniter\CodeIgniter->run()
 5 SYSTEMPATH/Commands/Server/rewrite.php(47): require_once('/var/www/html/ITC-311-ACTIVITY-2/public/index.php')
CRITICAL - 2023-09-25 01:12:49 --> Call to a member function setPath() on null
in APPPATH/Controllers/MusicController.php on line 28.
 1 SYSTEMPATH/CodeIgniter.php(919): App\Controllers\MusicController->insert()
 2 SYSTEMPATH/CodeIgniter.php(494): CodeIgniter\CodeIgniter->runController()
 3 SYSTEMPATH/CodeIgniter.php(353): CodeIgniter\CodeIgniter->handleRequest()
 4 FCPATH/index.php(79): CodeIgniter\CodeIgniter->run()
 5 SYSTEMPATH/Commands/Server/rewrite.php(47): require_once('/var/www/html/ITC-311-ACTIVITY-2/public/index.php')
CRITICAL - 2023-09-25 01:13:04 --> Call to a member function setPath() on null
in APPPATH/Controllers/MusicController.php on line 28.
 1 SYSTEMPATH/CodeIgniter.php(919): App\Controllers\MusicController->insert()
 2 SYSTEMPATH/CodeIgniter.php(494): CodeIgniter\CodeIgniter->runController()
 3 SYSTEMPATH/CodeIgniter.php(353): CodeIgniter\CodeIgniter->handleRequest()
 4 FCPATH/index.php(79): CodeIgniter\CodeIgniter->run()
 5 SYSTEMPATH/Commands/Server/rewrite.php(47): require_once('/var/www/html/ITC-311-ACTIVITY-2/public/index.php')
CRITICAL - 2023-09-25 01:15:16 --> Call to a member function setPath() on null
in APPPATH/Controllers/MusicController.php on line 30.
 1 SYSTEMPATH/CodeIgniter.php(919): App\Controllers\MusicController->insert()
 2 SYSTEMPATH/CodeIgniter.php(494): CodeIgniter\CodeIgniter->runController()
 3 SYSTEMPATH/CodeIgniter.php(353): CodeIgniter\CodeIgniter->handleRequest()
 4 FCPATH/index.php(79): CodeIgniter\CodeIgniter->run()
 5 SYSTEMPATH/Commands/Server/rewrite.php(47): require_once('/var/www/html/ITC-311-ACTIVITY-2/public/index.php')
CRITICAL - 2023-09-25 01:21:50 --> Call to undefined method CodeIgniter\HTTP\IncomingRequest::hasFile()
in APPPATH/Controllers/MusicController.php on line 30.
 1 SYSTEMPATH/CodeIgniter.php(919): App\Controllers\MusicController->insert()
 2 SYSTEMPATH/CodeIgniter.php(494): CodeIgniter\CodeIgniter->runController()
 3 SYSTEMPATH/CodeIgniter.php(353): CodeIgniter\CodeIgniter->handleRequest()
 4 FCPATH/index.php(79): CodeIgniter\CodeIgniter->run()
 5 SYSTEMPATH/Commands/Server/rewrite.php(47): require_once('/var/www/html/ITC-311-ACTIVITY-2/public/index.php')
CRITICAL - 2023-09-25 01:22:37 --> Call to a member function setPath() on null
in APPPATH/Controllers/MusicController.php on line 30.
 1 SYSTEMPATH/CodeIgniter.php(919): App\Controllers\MusicController->insert()
 2 SYSTEMPATH/CodeIgniter.php(494): CodeIgniter\CodeIgniter->runController()
 3 SYSTEMPATH/CodeIgniter.php(353): CodeIgniter\CodeIgniter->handleRequest()
 4 FCPATH/index.php(79): CodeIgniter\CodeIgniter->run()
 5 SYSTEMPATH/Commands/Server/rewrite.php(47): require_once('/var/www/html/ITC-311-ACTIVITY-2/public/index.php')
CRITICAL - 2023-09-25 01:23:38 --> Call to a member function isValid() on null
in APPPATH/Controllers/MusicController.php on line 30.
 1 SYSTEMPATH/CodeIgniter.php(919): App\Controllers\MusicController->insert()
 2 SYSTEMPATH/CodeIgniter.php(494): CodeIgniter\CodeIgniter->runController()
 3 SYSTEMPATH/CodeIgniter.php(353): CodeIgniter\CodeIgniter->handleRequest()
 4 FCPATH/index.php(79): CodeIgniter\CodeIgniter->run()
 5 SYSTEMPATH/Commands/Server/rewrite.php(47): require_once('/var/www/html/ITC-311-ACTIVITY-2/public/index.php')
CRITICAL - 2023-09-25 01:23:41 --> Call to a member function isValid() on null
in APPPATH/Controllers/MusicController.php on line 30.
 1 SYSTEMPATH/CodeIgniter.php(919): App\Controllers\MusicController->insert()
 2 SYSTEMPATH/CodeIgniter.php(494): CodeIgniter\CodeIgniter->runController()
 3 SYSTEMPATH/CodeIgniter.php(353): CodeIgniter\CodeIgniter->handleRequest()
 4 FCPATH/index.php(79): CodeIgniter\CodeIgniter->run()
 5 SYSTEMPATH/Commands/Server/rewrite.php(47): require_once('/var/www/html/ITC-311-ACTIVITY-2/public/index.php')
CRITICAL - 2023-09-25 01:23:57 --> Call to a member function isValid() on null
in APPPATH/Controllers/MusicController.php on line 30.
 1 SYSTEMPATH/CodeIgniter.php(919): App\Controllers\MusicController->insert()
 2 SYSTEMPATH/CodeIgniter.php(494): CodeIgniter\CodeIgniter->runController()
 3 SYSTEMPATH/CodeIgniter.php(353): CodeIgniter\CodeIgniter->handleRequest()
 4 FCPATH/index.php(79): CodeIgniter\CodeIgniter->run()
 5 SYSTEMPATH/Commands/Server/rewrite.php(47): require_once('/var/www/html/ITC-311-ACTIVITY-2/public/index.php')
CRITICAL - 2023-09-25 01:24:39 --> Call to a member function getSize() on null
in APPPATH/Controllers/MusicController.php on line 33.
 1 SYSTEMPATH/CodeIgniter.php(919): App\Controllers\MusicController->insert()
 2 SYSTEMPATH/CodeIgniter.php(494): CodeIgniter\CodeIgniter->runController()
 3 SYSTEMPATH/CodeIgniter.php(353): CodeIgniter\CodeIgniter->handleRequest()
 4 FCPATH/index.php(79): CodeIgniter\CodeIgniter->run()
 5 SYSTEMPATH/Commands/Server/rewrite.php(47): require_once('/var/www/html/ITC-311-ACTIVITY-2/public/index.php')
CRITICAL - 2023-09-25 02:16:51 --> Call to a member function isValid() on null
in APPPATH/Controllers/MusicController.php on line 33.
 1 SYSTEMPATH/CodeIgniter.php(919): App\Controllers\MusicController->insert()
 2 SYSTEMPATH/CodeIgniter.php(494): CodeIgniter\CodeIgniter->runController()
 3 SYSTEMPATH/CodeIgniter.php(353): CodeIgniter\CodeIgniter->handleRequest()
 4 FCPATH/index.php(79): CodeIgniter\CodeIgniter->run()
 5 SYSTEMPATH/Commands/Server/rewrite.php(47): require_once('/var/www/html/ITC-311-ACTIVITY-2/public/index.php')
CRITICAL - 2023-09-25 02:17:35 --> Call to a member function isValid() on null
in APPPATH/Controllers/MusicController.php on line 30.
 1 SYSTEMPATH/CodeIgniter.php(919): App\Controllers\MusicController->insert()
 2 SYSTEMPATH/CodeIgniter.php(494): CodeIgniter\CodeIgniter->runController()
 3 SYSTEMPATH/CodeIgniter.php(353): CodeIgniter\CodeIgniter->handleRequest()
 4 FCPATH/index.php(79): CodeIgniter\CodeIgniter->run()
 5 SYSTEMPATH/Commands/Server/rewrite.php(47): require_once('/var/www/html/ITC-311-ACTIVITY-2/public/index.php')
CRITICAL - 2023-09-25 02:17:38 --> Call to a member function isValid() on null
in APPPATH/Controllers/MusicController.php on line 30.
 1 SYSTEMPATH/CodeIgniter.php(919): App\Controllers\MusicController->insert()
 2 SYSTEMPATH/CodeIgniter.php(494): CodeIgniter\CodeIgniter->runController()
 3 SYSTEMPATH/CodeIgniter.php(353): CodeIgniter\CodeIgniter->handleRequest()
 4 FCPATH/index.php(79): CodeIgniter\CodeIgniter->run()
 5 SYSTEMPATH/Commands/Server/rewrite.php(47): require_once('/var/www/html/ITC-311-ACTIVITY-2/public/index.php')
CRITICAL - 2023-09-25 02:23:52 --> Call to a member function isValid() on null
in APPPATH/Controllers/MusicController.php on line 30.
 1 SYSTEMPATH/CodeIgniter.php(919): App\Controllers\MusicController->insert()
 2 SYSTEMPATH/CodeIgniter.php(494): CodeIgniter\CodeIgniter->runController()
 3 SYSTEMPATH/CodeIgniter.php(353): CodeIgniter\CodeIgniter->handleRequest()
 4 FCPATH/index.php(79): CodeIgniter\CodeIgniter->run()
 5 SYSTEMPATH/Commands/Server/rewrite.php(47): require_once('/var/www/html/ITC-311-ACTIVITY-2/public/index.php')
CRITICAL - 2023-09-25 02:24:04 --> Call to a member function isValid() on null
in APPPATH/Controllers/MusicController.php on line 33.
 1 SYSTEMPATH/CodeIgniter.php(919): App\Controllers\MusicController->insert()
 2 SYSTEMPATH/CodeIgniter.php(494): CodeIgniter\CodeIgniter->runController()
 3 SYSTEMPATH/CodeIgniter.php(353): CodeIgniter\CodeIgniter->handleRequest()
 4 FCPATH/index.php(79): CodeIgniter\CodeIgniter->run()
 5 SYSTEMPATH/Commands/Server/rewrite.php(47): require_once('/var/www/html/ITC-311-ACTIVITY-2/public/index.php')
CRITICAL - 2023-09-25 02:24:17 --> syntax error, unexpected identifier "s"
in APPPATH/Controllers/MusicController.php on line 27.
 1 SYSTEMPATH/Autoloader/Autoloader.php(285): CodeIgniter\Autoloader\Autoloader->includeFile()
 2 SYSTEMPATH/Autoloader/Autoloader.php(263): CodeIgniter\Autoloader\Autoloader->loadInNamespace()
 3 [internal function]: CodeIgniter\Autoloader\Autoloader->loadClass()
 4 SYSTEMPATH/CodeIgniter.php(877): class_exists()
 5 SYSTEMPATH/CodeIgniter.php(481): CodeIgniter\CodeIgniter->startController()
 6 SYSTEMPATH/CodeIgniter.php(353): CodeIgniter\CodeIgniter->handleRequest()
 7 FCPATH/index.php(79): CodeIgniter\CodeIgniter->run()
 8 SYSTEMPATH/Commands/Server/rewrite.php(47): require_once('/var/www/html/ITC-311-ACTIVITY-2/public/index.php')
CRITICAL - 2023-09-25 02:36:43 --> Call to a member function isValid() on null
in APPPATH/Controllers/MusicController.php on line 27.
 1 SYSTEMPATH/CodeIgniter.php(919): App\Controllers\MusicController->insert()
 2 SYSTEMPATH/CodeIgniter.php(494): CodeIgniter\CodeIgniter->runController()
 3 SYSTEMPATH/CodeIgniter.php(353): CodeIgniter\CodeIgniter->handleRequest()
 4 FCPATH/index.php(79): CodeIgniter\CodeIgniter->run()
 5 SYSTEMPATH/Commands/Server/rewrite.php(47): require_once('/var/www/html/ITC-311-ACTIVITY-2/public/index.php')
CRITICAL - 2023-09-25 05:10:00 --> Too few arguments to function App\Controllers\MusicController::player(), 0 passed in /var/www/html/ITC-311-ACTIVITY-2/vendor/codeigniter4/framework/system/CodeIgniter.php on line 919 and exactly 1 expected
in APPPATH/Controllers/MusicController.php on line 16.
 1 SYSTEMPATH/CodeIgniter.php(919): App\Controllers\MusicController->player()
 2 SYSTEMPATH/CodeIgniter.php(494): CodeIgniter\CodeIgniter->runController()
 3 SYSTEMPATH/CodeIgniter.php(353): CodeIgniter\CodeIgniter->handleRequest()
 4 FCPATH/index.php(79): CodeIgniter\CodeIgniter->run()
 5 SYSTEMPATH/Commands/Server/rewrite.php(47): require_once('/var/www/html/ITC-311-ACTIVITY-2/public/index.php')
CRITICAL - 2023-09-25 05:10:02 --> Too few arguments to function App\Controllers\MusicController::player(), 0 passed in /var/www/html/ITC-311-ACTIVITY-2/vendor/codeigniter4/framework/system/CodeIgniter.php on line 919 and exactly 1 expected
in APPPATH/Controllers/MusicController.php on line 16.
 1 SYSTEMPATH/CodeIgniter.php(919): App\Controllers\MusicController->player()
 2 SYSTEMPATH/CodeIgniter.php(494): CodeIgniter\CodeIgniter->runController()
 3 SYSTEMPATH/CodeIgniter.php(353): CodeIgniter\CodeIgniter->handleRequest()
 4 FCPATH/index.php(79): CodeIgniter\CodeIgniter->run()
 5 SYSTEMPATH/Commands/Server/rewrite.php(47): require_once('/var/www/html/ITC-311-ACTIVITY-2/public/index.php')
CRITICAL - 2023-09-25 05:10:41 --> Too few arguments to function App\Controllers\MusicController::player(), 0 passed in /var/www/html/ITC-311-ACTIVITY-2/vendor/codeigniter4/framework/system/CodeIgniter.php on line 919 and exactly 1 expected
in APPPATH/Controllers/MusicController.php on line 16.
 1 SYSTEMPATH/CodeIgniter.php(919): App\Controllers\MusicController->player()
 2 SYSTEMPATH/CodeIgniter.php(494): CodeIgniter\CodeIgniter->runController()
 3 SYSTEMPATH/CodeIgniter.php(353): CodeIgniter\CodeIgniter->handleRequest()
 4 FCPATH/index.php(79): CodeIgniter\CodeIgniter->run()
 5 SYSTEMPATH/Commands/Server/rewrite.php(47): require_once('/var/www/html/ITC-311-ACTIVITY-2/public/index.php')
CRITICAL - 2023-09-25 05:10:42 --> Too few arguments to function App\Controllers\MusicController::player(), 0 passed in /var/www/html/ITC-311-ACTIVITY-2/vendor/codeigniter4/framework/system/CodeIgniter.php on line 919 and exactly 1 expected
in APPPATH/Controllers/MusicController.php on line 16.
 1 SYSTEMPATH/CodeIgniter.php(919): App\Controllers\MusicController->player()
 2 SYSTEMPATH/CodeIgniter.php(494): CodeIgniter\CodeIgniter->runController()
 3 SYSTEMPATH/CodeIgniter.php(353): CodeIgniter\CodeIgniter->handleRequest()
 4 FCPATH/index.php(79): CodeIgniter\CodeIgniter->run()
 5 SYSTEMPATH/Commands/Server/rewrite.php(47): require_once('/var/www/html/ITC-311-ACTIVITY-2/public/index.php')
CRITICAL - 2023-09-25 05:26:41 --> Invalid file: "upload_audio.php"
in SYSTEMPATH/Exceptions/FrameworkException.php on line 39.
 1 SYSTEMPATH/View/View.php(214): CodeIgniter\Exceptions\FrameworkException::forInvalidFile()
 2 SYSTEMPATH/Common.php(1188): CodeIgniter\View\View->render()
 3 APPPATH/Controllers/MusicController.php(52): view()
 4 SYSTEMPATH/CodeIgniter.php(919): App\Controllers\MusicController->insert()
 5 SYSTEMPATH/CodeIgniter.php(494): CodeIgniter\CodeIgniter->runController()
 6 SYSTEMPATH/CodeIgniter.php(353): CodeIgniter\CodeIgniter->handleRequest()
 7 FCPATH/index.php(79): CodeIgniter\CodeIgniter->run()
 8 SYSTEMPATH/Commands/Server/rewrite.php(47): require_once('/var/www/html/ITC-311-ACTIVITY-2/public/index.php')
CRITICAL - 2023-09-25 05:33:50 --> Invalid file: "player.php"
in SYSTEMPATH/Exceptions/FrameworkException.php on line 39.
 1 SYSTEMPATH/View/View.php(214): CodeIgniter\Exceptions\FrameworkException::forInvalidFile()
 2 SYSTEMPATH/Common.php(1188): CodeIgniter\View\View->render()
 3 APPPATH/Controllers/MusicController.php(52): view()
 4 SYSTEMPATH/CodeIgniter.php(919): App\Controllers\MusicController->insert()
 5 SYSTEMPATH/CodeIgniter.php(494): CodeIgniter\CodeIgniter->runController()
 6 SYSTEMPATH/CodeIgniter.php(353): CodeIgniter\CodeIgniter->handleRequest()
 7 FCPATH/index.php(79): CodeIgniter\CodeIgniter->run()
 8 SYSTEMPATH/Commands/Server/rewrite.php(47): require_once('/var/www/html/ITC-311-ACTIVITY-2/public/index.php')
CRITICAL - 2023-09-25 05:41:24 --> Invalid file: "player.php"
in SYSTEMPATH/Exceptions/FrameworkException.php on line 39.
 1 SYSTEMPATH/View/View.php(214): CodeIgniter\Exceptions\FrameworkException::forInvalidFile()
 2 SYSTEMPATH/Common.php(1188): CodeIgniter\View\View->render()
 3 APPPATH/Controllers/MusicController.php(52): view()
 4 SYSTEMPATH/CodeIgniter.php(919): App\Controllers\MusicController->insert()
 5 SYSTEMPATH/CodeIgniter.php(494): CodeIgniter\CodeIgniter->runController()
 6 SYSTEMPATH/CodeIgniter.php(353): CodeIgniter\CodeIgniter->handleRequest()
 7 FCPATH/index.php(79): CodeIgniter\CodeIgniter->run()
 8 SYSTEMPATH/Commands/Server/rewrite.php(47): require_once('/var/www/html/ITC-311-ACTIVITY-2/public/index.php')
CRITICAL - 2023-09-25 05:42:02 --> Invalid file: "upload_audio.php"
in SYSTEMPATH/Exceptions/FrameworkException.php on line 39.
 1 SYSTEMPATH/View/View.php(214): CodeIgniter\Exceptions\FrameworkException::forInvalidFile()
 2 SYSTEMPATH/Common.php(1188): CodeIgniter\View\View->render()
 3 APPPATH/Controllers/MusicController.php(52): view()
 4 SYSTEMPATH/CodeIgniter.php(919): App\Controllers\MusicController->insert()
 5 SYSTEMPATH/CodeIgniter.php(494): CodeIgniter\CodeIgniter->runController()
 6 SYSTEMPATH/CodeIgniter.php(353): CodeIgniter\CodeIgniter->handleRequest()
 7 FCPATH/index.php(79): CodeIgniter\CodeIgniter->run()
 8 SYSTEMPATH/Commands/Server/rewrite.php(47): require_once('/var/www/html/ITC-311-ACTIVITY-2/public/index.php')
