CRITICAL - 2023-09-26 11:23:10 --> "is_mime" is not a valid rule.
in SYSTEMPATH/Validation/Validation.php on line 317.
 1 SYSTEMPATH/Validation/Validation.php(317): CodeIgniter\Validation\Exceptions\ValidationException::forRuleNotFound()
 2 SYSTEMPATH/Validation/Validation.php(195): CodeIgniter\Validation\Validation->processRules()
 3 SYSTEMPATH/Controller.php(150): CodeIgniter\Validation\Validation->run()
 4 APPPATH/Controllers/MusicController.php(29): CodeIgniter\Controller->validate()
 5 SYSTEMPATH/CodeIgniter.php(919): App\Controllers\MusicController->insert()
 6 SYSTEMPATH/CodeIgniter.php(494): CodeIgniter\CodeIgniter->runController()
 7 SYSTEMPATH/CodeIgniter.php(353): CodeIgniter\CodeIgniter->handleRequest()
 8 FCPATH/index.php(79): CodeIgniter\CodeIgniter->run()
 9 SYSTEMPATH/Commands/Server/rewrite.php(47): require_once('/var/www/html/ITC-311-ACTIVITY-2/public/index.php')
CRITICAL - 2023-09-26 11:28:55 --> App\Controllers\MusicController::App\Controllers\{closure}(): Argument #1 ($str) must be of type string, null given, called in /var/www/html/ITC-311-ACTIVITY-2/vendor/codeigniter4/framework/system/Validation/Validation.php on line 294
in APPPATH/Controllers/MusicController.php on line 31.
 1 SYSTEMPATH/Validation/Validation.php(294): App\Controllers\MusicController->App\Controllers\{closure}()
 2 SYSTEMPATH/Validation/Validation.php(195): CodeIgniter\Validation\Validation->processRules()
 3 SYSTEMPATH/Controller.php(150): CodeIgniter\Validation\Validation->run()
 4 APPPATH/Controllers/MusicController.php(42): CodeIgniter\Controller->validate()
 5 SYSTEMPATH/CodeIgniter.php(919): App\Controllers\MusicController->insert()
 6 SYSTEMPATH/CodeIgniter.php(494): CodeIgniter\CodeIgniter->runController()
 7 SYSTEMPATH/CodeIgniter.php(353): CodeIgniter\CodeIgniter->handleRequest()
 8 FCPATH/index.php(79): CodeIgniter\CodeIgniter->run()
 9 SYSTEMPATH/Commands/Server/rewrite.php(47): require_once('/var/www/html/ITC-311-ACTIVITY-2/public/index.php')
CRITICAL - 2023-09-26 12:08:25 --> preg_match(): Argument #2 ($subject) must be of type string, array given
in SYSTEMPATH/Validation/Validation.php on line 284.
 1 SYSTEMPATH/Validation/Validation.php(284): preg_match()
 2 SYSTEMPATH/Validation/Validation.php(195): CodeIgniter\Validation\Validation->processRules()
 3 SYSTEMPATH/Controller.php(150): CodeIgniter\Validation\Validation->run()
 4 APPPATH/Controllers/MusicController.php(38): CodeIgniter\Controller->validate()
 5 SYSTEMPATH/CodeIgniter.php(919): App\Controllers\MusicController->insert()
 6 SYSTEMPATH/CodeIgniter.php(494): CodeIgniter\CodeIgniter->runController()
 7 SYSTEMPATH/CodeIgniter.php(353): CodeIgniter\CodeIgniter->handleRequest()
 8 FCPATH/index.php(79): CodeIgniter\CodeIgniter->run()
 9 SYSTEMPATH/Commands/Server/rewrite.php(47): require_once('/var/www/html/ITC-311-ACTIVITY-2/public/index.php')
CRITICAL - 2023-09-26 14:43:47 --> Undefined variable $files
in APPPATH/Views/Musicz/body.php on line 24.
 1 APPPATH/Views/Musicz/body.php(24): CodeIgniter\Debug\Exceptions->errorHandler()
 2 SYSTEMPATH/View/View.php(226): include('/var/www/html/ITC-311-ACTIVITY-2/app/Views/Musicz/body.php')
 3 SYSTEMPATH/View/View.php(229): CodeIgniter\View\View->CodeIgniter\View\{closure}()
 4 SYSTEMPATH/View/View.php(467): CodeIgniter\View\View->render()
 5 APPPATH/Views/welcome_message.php(2): CodeIgniter\View\View->include()
 6 SYSTEMPATH/View/View.php(226): include('/var/www/html/ITC-311-ACTIVITY-2/app/Views/welcome_message.php')
 7 SYSTEMPATH/View/View.php(229): CodeIgniter\View\View->CodeIgniter\View\{closure}()
 8 SYSTEMPATH/Common.php(1188): CodeIgniter\View\View->render()
 9 APPPATH/Controllers/MusicController.php(80): view()
10 SYSTEMPATH/CodeIgniter.php(919): App\Controllers\MusicController->home()
11 SYSTEMPATH/CodeIgniter.php(494): CodeIgniter\CodeIgniter->runController()
12 SYSTEMPATH/CodeIgniter.php(353): CodeIgniter\CodeIgniter->handleRequest()
13 FCPATH/index.php(79): CodeIgniter\CodeIgniter->run()
14 SYSTEMPATH/Commands/Server/rewrite.php(47): require_once('/var/www/html/ITC-311-ACTIVITY-2/public/index.php')
CRITICAL - 2023-09-26 14:47:16 --> Undefined variable $files
in APPPATH/Views/Musicz/body.php on line 24.
 1 APPPATH/Views/Musicz/body.php(24): CodeIgniter\Debug\Exceptions->errorHandler()
 2 SYSTEMPATH/View/View.php(226): include('/var/www/html/ITC-311-ACTIVITY-2/app/Views/Musicz/body.php')
 3 SYSTEMPATH/View/View.php(229): CodeIgniter\View\View->CodeIgniter\View\{closure}()
 4 SYSTEMPATH/View/View.php(467): CodeIgniter\View\View->render()
 5 APPPATH/Views/welcome_message.php(2): CodeIgniter\View\View->include()
 6 SYSTEMPATH/View/View.php(226): include('/var/www/html/ITC-311-ACTIVITY-2/app/Views/welcome_message.php')
 7 SYSTEMPATH/View/View.php(229): CodeIgniter\View\View->CodeIgniter\View\{closure}()
 8 SYSTEMPATH/Common.php(1188): CodeIgniter\View\View->render()
 9 APPPATH/Controllers/MusicController.php(80): view()
10 SYSTEMPATH/CodeIgniter.php(919): App\Controllers\MusicController->home()
11 SYSTEMPATH/CodeIgniter.php(494): CodeIgniter\CodeIgniter->runController()
12 SYSTEMPATH/CodeIgniter.php(353): CodeIgniter\CodeIgniter->handleRequest()
13 FCPATH/index.php(79): CodeIgniter\CodeIgniter->run()
14 SYSTEMPATH/Commands/Server/rewrite.php(47): require_once('/var/www/html/ITC-311-ACTIVITY-2/public/index.php')
CRITICAL - 2023-09-26 14:47:25 --> Undefined variable $file
in APPPATH/Views/Musicz/body.php on line 25.
 1 APPPATH/Views/Musicz/body.php(25): CodeIgniter\Debug\Exceptions->errorHandler()
 2 SYSTEMPATH/View/View.php(226): include('/var/www/html/ITC-311-ACTIVITY-2/app/Views/Musicz/body.php')
 3 SYSTEMPATH/View/View.php(229): CodeIgniter\View\View->CodeIgniter\View\{closure}()
 4 SYSTEMPATH/View/View.php(467): CodeIgniter\View\View->render()
 5 APPPATH/Views/welcome_message.php(2): CodeIgniter\View\View->include()
 6 SYSTEMPATH/View/View.php(226): include('/var/www/html/ITC-311-ACTIVITY-2/app/Views/welcome_message.php')
 7 SYSTEMPATH/View/View.php(229): CodeIgniter\View\View->CodeIgniter\View\{closure}()
 8 SYSTEMPATH/Common.php(1188): CodeIgniter\View\View->render()
 9 APPPATH/Controllers/MusicController.php(80): view()
10 SYSTEMPATH/CodeIgniter.php(919): App\Controllers\MusicController->home()
11 SYSTEMPATH/CodeIgniter.php(494): CodeIgniter\CodeIgniter->runController()
12 SYSTEMPATH/CodeIgniter.php(353): CodeIgniter\CodeIgniter->handleRequest()
13 FCPATH/index.php(79): CodeIgniter\CodeIgniter->run()
14 SYSTEMPATH/Commands/Server/rewrite.php(47): require_once('/var/www/html/ITC-311-ACTIVITY-2/public/index.php')
CRITICAL - 2023-09-26 14:47:38 --> Cannot access offset of type string on string
in APPPATH/Views/Musicz/body.php on line 54.
 1 SYSTEMPATH/View/View.php(226): include()
 2 SYSTEMPATH/View/View.php(229): CodeIgniter\View\View->CodeIgniter\View\{closure}()
 3 SYSTEMPATH/View/View.php(467): CodeIgniter\View\View->render()
 4 APPPATH/Views/welcome_message.php(2): CodeIgniter\View\View->include()
 5 SYSTEMPATH/View/View.php(226): include('/var/www/html/ITC-311-ACTIVITY-2/app/Views/welcome_message.php')
 6 SYSTEMPATH/View/View.php(229): CodeIgniter\View\View->CodeIgniter\View\{closure}()
 7 SYSTEMPATH/Common.php(1188): CodeIgniter\View\View->render()
 8 APPPATH/Controllers/MusicController.php(80): view()
 9 SYSTEMPATH/CodeIgniter.php(919): App\Controllers\MusicController->home()
10 SYSTEMPATH/CodeIgniter.php(494): CodeIgniter\CodeIgniter->runController()
11 SYSTEMPATH/CodeIgniter.php(353): CodeIgniter\CodeIgniter->handleRequest()
12 FCPATH/index.php(79): CodeIgniter\CodeIgniter->run()
13 SYSTEMPATH/Commands/Server/rewrite.php(47): require_once('/var/www/html/ITC-311-ACTIVITY-2/public/index.php')
CRITICAL - 2023-09-26 14:47:39 --> Cannot access offset of type string on string
in APPPATH/Views/Musicz/body.php on line 54.
 1 SYSTEMPATH/View/View.php(226): include()
 2 SYSTEMPATH/View/View.php(229): CodeIgniter\View\View->CodeIgniter\View\{closure}()
 3 SYSTEMPATH/View/View.php(467): CodeIgniter\View\View->render()
 4 APPPATH/Views/welcome_message.php(2): CodeIgniter\View\View->include()
 5 SYSTEMPATH/View/View.php(226): include('/var/www/html/ITC-311-ACTIVITY-2/app/Views/welcome_message.php')
 6 SYSTEMPATH/View/View.php(229): CodeIgniter\View\View->CodeIgniter\View\{closure}()
 7 SYSTEMPATH/Common.php(1188): CodeIgniter\View\View->render()
 8 APPPATH/Controllers/MusicController.php(80): view()
 9 SYSTEMPATH/CodeIgniter.php(919): App\Controllers\MusicController->home()
10 SYSTEMPATH/CodeIgniter.php(494): CodeIgniter\CodeIgniter->runController()
11 SYSTEMPATH/CodeIgniter.php(353): CodeIgniter\CodeIgniter->handleRequest()
12 FCPATH/index.php(79): CodeIgniter\CodeIgniter->run()
13 SYSTEMPATH/Commands/Server/rewrite.php(47): require_once('/var/www/html/ITC-311-ACTIVITY-2/public/index.php')
